#
# There is insufficient memory for the Java Runtime Environment to continue.
# Native memory allocation (malloc) failed to allocate 1966896 bytes for Chunk::new
# Possible reasons:
#   The system is out of physical RAM or swap space
#   The process is running with CompressedOops enabled, and the Java Heap may be blocking the growth of the native heap
# Possible solutions:
#   Reduce memory load on the system
#   Increase physical memory or swap space
#   Check if swap backing store is full
#   Decrease Java heap size (-Xmx/-Xms)
#   Decrease number of Java threads
#   Decrease Java thread stack sizes (-Xss)
#   Set larger code cache with -XX:ReservedCodeCacheSize=
#   JVM is running with Unscaled Compressed Oops mode in which the Java heap is
#     placed in the first 4GB address space. The Java Heap base address is the
#     maximum limit for the native heap growth. Please use -XX:HeapBaseMinAddress
#     to set the Java Heap base and to place the Java Heap above 4GB virtual address.
# This output file may be truncated or incomplete.
#
#  Out of Memory Error (src/hotspot/share/memory/arena.cpp:197), pid=2844, tid=11128
#
# JRE version: OpenJDK Runtime Environment (11.0.15) (build 11.0.15+0-b2043.56-8887301)
# Java VM: OpenJDK 64-Bit Server VM (11.0.15+0-b2043.56-8887301, mixed mode, tiered, compressed oops, g1 gc, windows-amd64)
# No core dump will be written. Minidumps are not enabled by default on client versions of Windows
#

---------------  S U M M A R Y ------------

Command Line: --add-opens=java.base/java.util=ALL-UNNAMED --add-opens=java.base/java.lang=ALL-UNNAMED --add-opens=java.base/java.lang.invoke=ALL-UNNAMED --add-opens=java.base/java.util=ALL-UNNAMED --add-opens=java.prefs/java.util.prefs=ALL-UNNAMED --add-opens=java.prefs/java.util.prefs=ALL-UNNAMED --add-opens=java.base/java.nio.charset=ALL-UNNAMED --add-opens=java.base/java.net=ALL-UNNAMED --add-opens=java.base/java.util.concurrent.atomic=ALL-UNNAMED -Xmx2048m -Dfile.encoding=UTF-8 -Duser.country=JP -Duser.language=ja -Duser.variant org.gradle.launcher.daemon.bootstrap.GradleDaemon 7.5

Host: Intel(R) Core(TM) i5-6300U CPU @ 2.40GHz, 4 cores, 7G,  Windows 11 , 64 bit Build 22000 (10.0.22000.2003)
Time: Wed Jun 21 21:47:13 2023  Windows 11 , 64 bit Build 22000 (10.0.22000.2003) elapsed time: 8725.780940 seconds (0d 2h 25m 25s)

---------------  T H R E A D  ---------------

Current thread (0x000001569d405800):  JavaThread "C2 CompilerThread0" daemon [_thread_in_native, id=11128, stack(0x0000003206f00000,0x0000003207000000)]


Current CompileTask:
C2:8725781 15866       4       java.lang.Class::getMethod (59 bytes)

Stack: [0x0000003206f00000,0x0000003207000000]
Native frames: (J=compiled Java code, j=interpreted, Vv=VM code, C=native code)
V  [jvm.dll+0x64135a]
V  [jvm.dll+0x7d39f9]
V  [jvm.dll+0x7d51b9]
V  [jvm.dll+0x7d58a3]
V  [jvm.dll+0x2691c5]
V  [jvm.dll+0xc1a5c]
V  [jvm.dll+0xc200c]
V  [jvm.dll+0x377462]
V  [jvm.dll+0x342495]
V  [jvm.dll+0x34186a]
V  [jvm.dll+0x2214bd]
V  [jvm.dll+0x220498]
V  [jvm.dll+0x19e851]
V  [jvm.dll+0x230479]
V  [jvm.dll+0x22e5ef]
V  [jvm.dll+0x794de1]
V  [jvm.dll+0x78dc24]
V  [jvm.dll+0x6400f6]
C  [ucrtbase.dll+0x26c0c]
C  [KERNEL32.DLL+0x155a0]
C  [ntdll.dll+0x485b]


---------------  P R O C E S S  ---------------

Threads class SMR info:
_java_thread_list=0x00000156a344aab0, length=81, elements={
0x00000156837bf000, 0x000001569d3d9800, 0x000001569d3da000, 0x000001569d401000,
0x000001569d402000, 0x000001569d403000, 0x000001569d405800, 0x000001569d40a800,
0x000001569dcc8000, 0x000001569ddac000, 0x000001569fd23000, 0x00000156a02e0800,
0x000001569f472000, 0x00000156a0148800, 0x00000156a014d000, 0x00000156a014e000,
0x00000156a014c800, 0x00000156a014f000, 0x00000156a014a800, 0x00000156a0a98800,
0x00000156a0a99000, 0x00000156a0a96800, 0x00000156a0a9b800, 0x00000156a0a96000,
0x00000156a3091800, 0x00000156a308c800, 0x00000156a68b2000, 0x00000156a68b1000,
0x00000156a68ac000, 0x00000156a68b0000, 0x00000156a68ad800, 0x00000156a68af800,
0x00000156a68b2800, 0x00000156a68ad000, 0x00000156a68b3800, 0x00000156a68b4000,
0x00000156a68ae800, 0x00000156a68b6800, 0x00000156a68b5000, 0x00000156a68b9000,
0x00000156ab31a800, 0x00000156a68b8800, 0x00000156a68b6000, 0x00000156a68b7800,
0x00000156a68ba000, 0x00000156a3088800, 0x00000156a3087800, 0x00000156a3089000,
0x00000156a308a000, 0x00000156a308b000, 0x00000156a3086800, 0x00000156a308b800,
0x00000156a3086000, 0x00000156a308d000, 0x00000156a3092000, 0x00000156a3093000,
0x00000156a308f000, 0x00000156a308f800, 0x00000156a3090800, 0x00000156a3093800,
0x00000156a308e000, 0x00000156a3094800, 0x00000156a8b38800, 0x00000156a8b36800,
0x00000156a8b3a000, 0x00000156a8b3b000, 0x00000156a8b36000, 0x00000156a8b35000,
0x00000156a8b3d800, 0x00000156a8b37800, 0x00000156a8b40800, 0x00000156a8b41800,
0x00000156a8b3e000, 0x00000156a8b3b800, 0x00000156a8b42000, 0x00000156a8b3f800,
0x00000156a8b3f000, 0x00000156a8b3c800, 0x00000156a8b43000, 0x00000156a0a9c800,
0x00000156a0a9d800
}

Java Threads: ( => current thread )
  0x00000156837bf000 JavaThread "main" [_thread_blocked, id=5724, stack(0x0000003206300000,0x0000003206400000)]
  0x000001569d3d9800 JavaThread "Reference Handler" daemon [_thread_blocked, id=4676, stack(0x0000003206a00000,0x0000003206b00000)]
  0x000001569d3da000 JavaThread "Finalizer" daemon [_thread_blocked, id=5696, stack(0x0000003206b00000,0x0000003206c00000)]
  0x000001569d401000 JavaThread "Signal Dispatcher" daemon [_thread_blocked, id=5188, stack(0x0000003206c00000,0x0000003206d00000)]
  0x000001569d402000 JavaThread "Attach Listener" daemon [_thread_blocked, id=7680, stack(0x0000003206d00000,0x0000003206e00000)]
  0x000001569d403000 JavaThread "Service Thread" daemon [_thread_blocked, id=8456, stack(0x0000003206e00000,0x0000003206f00000)]
=>0x000001569d405800 JavaThread "C2 CompilerThread0" daemon [_thread_in_native, id=11128, stack(0x0000003206f00000,0x0000003207000000)]
  0x000001569d40a800 JavaThread "C1 CompilerThread0" daemon [_thread_blocked, id=7264, stack(0x0000003207000000,0x0000003207100000)]
  0x000001569dcc8000 JavaThread "Sweeper thread" daemon [_thread_blocked, id=11144, stack(0x0000003207100000,0x0000003207200000)]
  0x000001569ddac000 JavaThread "Common-Cleaner" daemon [_thread_blocked, id=5704, stack(0x0000003207200000,0x0000003207300000)]
  0x000001569fd23000 JavaThread "Daemon health stats" [_thread_blocked, id=7524, stack(0x0000003207600000,0x0000003207700000)]
  0x00000156a02e0800 JavaThread "Incoming local TCP Connector on port 51386" [_thread_in_native, id=11376, stack(0x0000003207700000,0x0000003207800000)]
  0x000001569f472000 JavaThread "Daemon periodic checks" [_thread_blocked, id=11720, stack(0x0000003207800000,0x0000003207900000)]
  0x00000156a0148800 JavaThread "Cache worker for journal cache (C:\Users\user\.gradle\caches\journal-1)" [_thread_blocked, id=3732, stack(0x0000003208000000,0x0000003208100000)]
  0x00000156a014d000 JavaThread "File lock request listener" [_thread_in_native, id=10228, stack(0x0000003208200000,0x0000003208300000)]
  0x00000156a014e000 JavaThread "Cache worker for file hash cache (C:\Users\user\.gradle\caches\7.5\fileHashes)" [_thread_blocked, id=10908, stack(0x0000003208300000,0x0000003208400000)]
  0x00000156a014c800 JavaThread "File watcher server" daemon [_thread_in_native, id=11948, stack(0x0000003208400000,0x0000003208500000)]
  0x00000156a014f000 JavaThread "File watcher consumer" daemon [_thread_blocked, id=4596, stack(0x0000003208500000,0x0000003208600000)]
  0x00000156a014a800 JavaThread "Cache worker for file content cache (C:\Users\user\.gradle\caches\7.5\fileContent)" [_thread_blocked, id=3792, stack(0x0000003208800000,0x0000003208900000)]
  0x00000156a0a98800 JavaThread "Cache worker for execution history cache (C:\Users\user\.gradle\caches\7.5\executionHistory)" [_thread_blocked, id=11132, stack(0x0000003208b00000,0x0000003208c00000)]
  0x00000156a0a99000 JavaThread "jar transforms" [_thread_blocked, id=10292, stack(0x0000003208c00000,0x0000003208d00000)]
  0x00000156a0a96800 JavaThread "jar transforms Thread 2" [_thread_blocked, id=11976, stack(0x0000003208d00000,0x0000003208e00000)]
  0x00000156a0a9b800 JavaThread "jar transforms Thread 3" [_thread_blocked, id=8304, stack(0x0000003208e00000,0x0000003208f00000)]
  0x00000156a0a96000 JavaThread "jar transforms Thread 4" [_thread_blocked, id=6896, stack(0x0000003208f00000,0x0000003209000000)]
  0x00000156a3091800 JavaThread "Memory manager" [_thread_blocked, id=10000, stack(0x000000320bc00000,0x000000320bd00000)]
  0x00000156a308c800 JavaThread "pool-3-thread-1" [_thread_blocked, id=8140, stack(0x000000320be00000,0x000000320bf00000)]
  0x00000156a68b2000 JavaThread "pool-6-thread-1" [_thread_blocked, id=4448, stack(0x000000320b900000,0x000000320ba00000)]
  0x00000156a68b1000 JavaThread "Daemon Thread 3" [_thread_blocked, id=5852, stack(0x0000003206000000,0x0000003206100000)]
  0x00000156a68ac000 JavaThread "Handler for socket connection from /127.0.0.1:51386 to /127.0.0.1:49986" [_thread_in_native, id=8424, stack(0x0000003206100000,0x0000003206200000)]
  0x00000156a68b0000 JavaThread "Cancel handler" [_thread_blocked, id=11728, stack(0x0000003206200000,0x0000003206300000)]
  0x00000156a68ad800 JavaThread "Daemon worker Thread 3" [_thread_in_Java, id=416, stack(0x0000003207900000,0x0000003207a00000)]
  0x00000156a68af800 JavaThread "Asynchronous log dispatcher for DefaultDaemonConnection: socket connection from /127.0.0.1:51386 to /127.0.0.1:49986" [_thread_blocked, id=4120, stack(0x0000003207a00000,0x0000003207b00000)]
  0x00000156a68b2800 JavaThread "Stdin handler" [_thread_blocked, id=2352, stack(0x0000003207b00000,0x0000003207c00000)]
  0x00000156a68ad000 JavaThread "Daemon client event forwarder" [_thread_blocked, id=5440, stack(0x0000003207c00000,0x0000003207d00000)]
  0x00000156a68b3800 JavaThread "Cache worker for checksums cache (C:\Users\user\AndroidStudioProjects\QA_App\.gradle\7.5\checksums)" [_thread_blocked, id=2764, stack(0x0000003207d00000,0x0000003207e00000)]
  0x00000156a68b4000 JavaThread "Cache worker for cache directory md-rule (C:\Users\user\.gradle\caches\7.5\md-rule)" [_thread_blocked, id=10584, stack(0x0000003207e00000,0x0000003207f00000)]
  0x00000156a68ae800 JavaThread "Cache worker for file hash cache (C:\Users\user\AndroidStudioProjects\QA_App\.gradle\7.5\fileHashes)" [_thread_blocked, id=992, stack(0x0000003207f00000,0x0000003208000000)]
  0x00000156a68b6800 JavaThread "Cache worker for cache directory md-supplier (C:\Users\user\.gradle\caches\7.5\md-supplier)" [_thread_blocked, id=1728, stack(0x0000003208600000,0x0000003208700000)]
  0x00000156a68b5000 JavaThread "Cache worker for dependencies-accessors (C:\Users\user\AndroidStudioProjects\QA_App\.gradle\7.5\dependencies-accessors)" [_thread_blocked, id=8024, stack(0x0000003208900000,0x0000003208a00000)]
  0x00000156a68b9000 JavaThread "Cache worker for Build Output Cleanup Cache (C:\Users\user\AndroidStudioProjects\QA_App\.gradle\buildOutputCleanup)" [_thread_blocked, id=9628, stack(0x0000003208a00000,0x0000003208b00000)]
  0x00000156ab31a800 JavaThread "C2 CompilerThread1" daemon [_thread_in_native, id=8972, stack(0x0000003208700000,0x0000003208800000)]
  0x00000156a68b8800 JavaThread "Unconstrained build operations" [_thread_blocked, id=7468, stack(0x0000003209000000,0x0000003209100000)]
  0x00000156a68b6000 JavaThread "Unconstrained build operations Thread 2" [_thread_blocked, id=2720, stack(0x0000003209100000,0x0000003209200000)]
  0x00000156a68b7800 JavaThread "Unconstrained build operations Thread 3" [_thread_blocked, id=2768, stack(0x0000003209200000,0x0000003209300000)]
  0x00000156a68ba000 JavaThread "Unconstrained build operations Thread 4" [_thread_blocked, id=432, stack(0x0000003209300000,0x0000003209400000)]
  0x00000156a3088800 JavaThread "Unconstrained build operations Thread 5" [_thread_blocked, id=11520, stack(0x0000003209400000,0x0000003209500000)]
  0x00000156a3087800 JavaThread "Unconstrained build operations Thread 6" [_thread_blocked, id=1748, stack(0x0000003209500000,0x0000003209600000)]
  0x00000156a3089000 JavaThread "Unconstrained build operations Thread 7" [_thread_blocked, id=4816, stack(0x0000003209600000,0x0000003209700000)]
  0x00000156a308a000 JavaThread "Unconstrained build operations Thread 8" [_thread_blocked, id=5604, stack(0x0000003209700000,0x0000003209800000)]
  0x00000156a308b000 JavaThread "Unconstrained build operations Thread 9" [_thread_blocked, id=4060, stack(0x0000003209800000,0x0000003209900000)]
  0x00000156a3086800 JavaThread "Unconstrained build operations Thread 10" [_thread_blocked, id=10532, stack(0x0000003209900000,0x0000003209a00000)]
  0x00000156a308b800 JavaThread "Unconstrained build operations Thread 11" [_thread_blocked, id=11920, stack(0x0000003209a00000,0x0000003209b00000)]
  0x00000156a3086000 JavaThread "Unconstrained build operations Thread 12" [_thread_blocked, id=3020, stack(0x0000003209b00000,0x0000003209c00000)]
  0x00000156a308d000 JavaThread "Unconstrained build operations Thread 13" [_thread_blocked, id=1828, stack(0x0000003209c00000,0x0000003209d00000)]
  0x00000156a3092000 JavaThread "Unconstrained build operations Thread 14" [_thread_blocked, id=3188, stack(0x0000003209d00000,0x0000003209e00000)]
  0x00000156a3093000 JavaThread "Unconstrained build operations Thread 15" [_thread_blocked, id=2108, stack(0x0000003209e00000,0x0000003209f00000)]
  0x00000156a308f000 JavaThread "Unconstrained build operations Thread 16" [_thread_blocked, id=5332, stack(0x0000003209f00000,0x000000320a000000)]
  0x00000156a308f800 JavaThread "Unconstrained build operations Thread 17" [_thread_blocked, id=8980, stack(0x000000320a000000,0x000000320a100000)]
  0x00000156a3090800 JavaThread "Unconstrained build operations Thread 18" [_thread_blocked, id=6660, stack(0x000000320a100000,0x000000320a200000)]
  0x00000156a3093800 JavaThread "Unconstrained build operations Thread 19" [_thread_blocked, id=9860, stack(0x000000320a200000,0x000000320a300000)]
  0x00000156a308e000 JavaThread "Unconstrained build operations Thread 20" [_thread_blocked, id=9916, stack(0x000000320a300000,0x000000320a400000)]
  0x00000156a3094800 JavaThread "Unconstrained build operations Thread 21" [_thread_blocked, id=3580, stack(0x000000320a400000,0x000000320a500000)]
  0x00000156a8b38800 JavaThread "Unconstrained build operations Thread 22" [_thread_blocked, id=7472, stack(0x000000320a500000,0x000000320a600000)]
  0x00000156a8b36800 JavaThread "Unconstrained build operations Thread 23" [_thread_blocked, id=6668, stack(0x000000320a600000,0x000000320a700000)]
  0x00000156a8b3a000 JavaThread "Unconstrained build operations Thread 24" [_thread_blocked, id=9668, stack(0x000000320a700000,0x000000320a800000)]
  0x00000156a8b3b000 JavaThread "Unconstrained build operations Thread 25" [_thread_blocked, id=2400, stack(0x000000320a800000,0x000000320a900000)]
  0x00000156a8b36000 JavaThread "Unconstrained build operations Thread 26" [_thread_blocked, id=7836, stack(0x000000320a900000,0x000000320aa00000)]
  0x00000156a8b35000 JavaThread "Unconstrained build operations Thread 27" [_thread_blocked, id=11664, stack(0x000000320aa00000,0x000000320ab00000)]
  0x00000156a8b3d800 JavaThread "Unconstrained build operations Thread 28" [_thread_blocked, id=1436, stack(0x000000320ab00000,0x000000320ac00000)]
  0x00000156a8b37800 JavaThread "Unconstrained build operations Thread 29" [_thread_blocked, id=10016, stack(0x000000320ac00000,0x000000320ad00000)]
  0x00000156a8b40800 JavaThread "Unconstrained build operations Thread 30" [_thread_blocked, id=7152, stack(0x000000320ad00000,0x000000320ae00000)]
  0x00000156a8b41800 JavaThread "Unconstrained build operations Thread 31" [_thread_blocked, id=5736, stack(0x000000320ae00000,0x000000320af00000)]
  0x00000156a8b3e000 JavaThread "Unconstrained build operations Thread 32" [_thread_blocked, id=8160, stack(0x000000320af00000,0x000000320b000000)]
  0x00000156a8b3b800 JavaThread "Unconstrained build operations Thread 33" [_thread_blocked, id=12184, stack(0x000000320b000000,0x000000320b100000)]
  0x00000156a8b42000 JavaThread "Unconstrained build operations Thread 34" [_thread_blocked, id=5964, stack(0x000000320b100000,0x000000320b200000)]
  0x00000156a8b3f800 JavaThread "Unconstrained build operations Thread 35" [_thread_blocked, id=8296, stack(0x000000320b200000,0x000000320b300000)]
  0x00000156a8b3f000 JavaThread "Unconstrained build operations Thread 36" [_thread_blocked, id=12020, stack(0x000000320b300000,0x000000320b400000)]
  0x00000156a8b3c800 JavaThread "Unconstrained build operations Thread 37" [_thread_blocked, id=5752, stack(0x000000320b400000,0x000000320b500000)]
  0x00000156a8b43000 JavaThread "Unconstrained build operations Thread 38" [_thread_blocked, id=5592, stack(0x000000320b500000,0x000000320b600000)]
  0x00000156a0a9c800 JavaThread "Unconstrained build operations Thread 39" [_thread_blocked, id=6504, stack(0x000000320b600000,0x000000320b700000)]
  0x00000156a0a9d800 JavaThread "Unconstrained build operations Thread 40" [_thread_blocked, id=3596, stack(0x000000320b700000,0x000000320b800000)]

Other Threads:
  0x000001569d3d4800 VMThread "VM Thread" [stack: 0x0000003206900000,0x0000003206a00000] [id=1808]
  0x000001569ddd9000 WatcherThread [stack: 0x0000003207300000,0x0000003207400000] [id=8376]
  0x00000156837d8800 GCTaskThread "GC Thread#0" [stack: 0x0000003206400000,0x0000003206500000] [id=2872]
  0x000001569e3af000 GCTaskThread "GC Thread#1" [stack: 0x0000003207400000,0x0000003207500000] [id=12176]
  0x000001569e41a000 GCTaskThread "GC Thread#2" [stack: 0x0000003207500000,0x0000003207600000] [id=624]
  0x000001569f206800 GCTaskThread "GC Thread#3" [stack: 0x0000003208100000,0x0000003208200000] [id=2240]
  0x000001568380c000 ConcurrentGCThread "G1 Main Marker" [stack: 0x0000003206500000,0x0000003206600000] [id=1348]
  0x000001568380f000 ConcurrentGCThread "G1 Conc#0" [stack: 0x0000003206600000,0x0000003206700000] [id=2744]
  0x000001569d230800 ConcurrentGCThread "G1 Refine#0" [stack: 0x0000003206700000,0x0000003206800000] [id=2752]
  0x0000015683892000 ConcurrentGCThread "G1 Young RemSet Sampling" [stack: 0x0000003206800000,0x0000003206900000] [id=3160]

Threads with active compile tasks:
C2 CompilerThread0  8725873 15866       4       java.lang.Class::getMethod (59 bytes)
C2 CompilerThread1  8725873 15859       4       jdk.internal.reflect.ReflectionFactory::copyMethod (10 bytes)

VM state:not at safepoint (normal execution)

VM Mutex/Monitor currently owned by a thread: None

Heap address: 0x0000000080000000, size: 2048 MB, Compressed Oops mode: 32-bit
Narrow klass base: 0x0000000000000000, Narrow klass shift: 3
Compressed class space size: 1073741824 Address: 0x0000000100000000

Heap:
 garbage-first heap   total 227328K, used 169112K [0x0000000080000000, 0x0000000100000000)
  region size 1024K, 11 young (11264K), 2 survivors (2048K)
 Metaspace       used 110815K, capacity 113392K, committed 113968K, reserved 1148928K
  class space    used 13814K, capacity 14771K, committed 14976K, reserved 1048576K
Heap Regions: E=young(eden), S=young(survivor), O=old, HS=humongous(starts), HC=humongous(continues), CS=collection set, F=free, A=archive, TAMS=top-at-mark-start (previous, next)
|   0|0x0000000080000000, 0x0000000080100000, 0x0000000080100000|100%|HS|  |TAMS 0x0000000080100000, 0x0000000080100000| Complete 
|   1|0x0000000080100000, 0x0000000080200000, 0x0000000080200000|100%|HC|  |TAMS 0x0000000080200000, 0x0000000080200000| Complete 
|   2|0x0000000080200000, 0x0000000080300000, 0x0000000080300000|100%|HC|  |TAMS 0x0000000080300000, 0x0000000080300000| Complete 
|   3|0x0000000080300000, 0x0000000080400000, 0x0000000080400000|100%| O|  |TAMS 0x0000000080400000, 0x0000000080400000| Untracked 
|   4|0x0000000080400000, 0x0000000080500000, 0x0000000080500000|100%| O|  |TAMS 0x0000000080500000, 0x0000000080500000| Untracked 
|   5|0x0000000080500000, 0x0000000080600000, 0x0000000080600000|100%| O|  |TAMS 0x0000000080600000, 0x0000000080600000| Untracked 
|   6|0x0000000080600000, 0x0000000080700000, 0x0000000080700000|100%| O|  |TAMS 0x0000000080700000, 0x0000000080700000| Untracked 
|   7|0x0000000080700000, 0x0000000080800000, 0x0000000080800000|100%| O|  |TAMS 0x0000000080800000, 0x0000000080800000| Untracked 
|   8|0x0000000080800000, 0x0000000080900000, 0x0000000080900000|100%| O|  |TAMS 0x0000000080900000, 0x0000000080900000| Untracked 
|   9|0x0000000080900000, 0x0000000080a00000, 0x0000000080a00000|100%| O|  |TAMS 0x0000000080a00000, 0x0000000080a00000| Untracked 
|  10|0x0000000080a00000, 0x0000000080b00000, 0x0000000080b00000|100%| O|  |TAMS 0x0000000080b00000, 0x0000000080b00000| Untracked 
|  11|0x0000000080b00000, 0x0000000080c00000, 0x0000000080c00000|100%| O|  |TAMS 0x0000000080c00000, 0x0000000080c00000| Untracked 
|  12|0x0000000080c00000, 0x0000000080d00000, 0x0000000080d00000|100%| O|  |TAMS 0x0000000080d00000, 0x0000000080d00000| Untracked 
|  13|0x0000000080d00000, 0x0000000080e00000, 0x0000000080e00000|100%| O|  |TAMS 0x0000000080e00000, 0x0000000080e00000| Untracked 
|  14|0x0000000080e00000, 0x0000000080f00000, 0x0000000080f00000|100%| O|  |TAMS 0x0000000080f00000, 0x0000000080f00000| Untracked 
|  15|0x0000000080f00000, 0x0000000081000000, 0x0000000081000000|100%| O|  |TAMS 0x0000000081000000, 0x0000000081000000| Untracked 
|  16|0x0000000081000000, 0x0000000081100000, 0x0000000081100000|100%| O|  |TAMS 0x0000000081100000, 0x0000000081100000| Untracked 
|  17|0x0000000081100000, 0x0000000081200000, 0x0000000081200000|100%| O|  |TAMS 0x0000000081200000, 0x0000000081200000| Untracked 
|  18|0x0000000081200000, 0x0000000081300000, 0x0000000081300000|100%| O|  |TAMS 0x0000000081300000, 0x0000000081300000| Untracked 
|  19|0x0000000081300000, 0x0000000081400000, 0x0000000081400000|100%| O|  |TAMS 0x0000000081400000, 0x0000000081400000| Untracked 
|  20|0x0000000081400000, 0x0000000081500000, 0x0000000081500000|100%| O|  |TAMS 0x0000000081500000, 0x0000000081500000| Untracked 
|  21|0x0000000081500000, 0x0000000081600000, 0x0000000081600000|100%| O|  |TAMS 0x0000000081600000, 0x0000000081600000| Untracked 
|  22|0x0000000081600000, 0x0000000081700000, 0x0000000081700000|100%| O|  |TAMS 0x0000000081700000, 0x0000000081700000| Untracked 
|  23|0x0000000081700000, 0x0000000081800000, 0x0000000081800000|100%| O|  |TAMS 0x0000000081800000, 0x0000000081800000| Untracked 
|  24|0x0000000081800000, 0x0000000081900000, 0x0000000081900000|100%| O|  |TAMS 0x0000000081900000, 0x0000000081900000| Untracked 
|  25|0x0000000081900000, 0x0000000081a00000, 0x0000000081a00000|100%| O|  |TAMS 0x0000000081a00000, 0x0000000081a00000| Untracked 
|  26|0x0000000081a00000, 0x0000000081b00000, 0x0000000081b00000|100%| O|  |TAMS 0x0000000081b00000, 0x0000000081b00000| Untracked 
|  27|0x0000000081b00000, 0x0000000081c00000, 0x0000000081c00000|100%| O|  |TAMS 0x0000000081c00000, 0x0000000081c00000| Untracked 
|  28|0x0000000081c00000, 0x0000000081d00000, 0x0000000081d00000|100%|HS|  |TAMS 0x0000000081d00000, 0x0000000081d00000| Complete 
|  29|0x0000000081d00000, 0x0000000081e00000, 0x0000000081e00000|100%|HS|  |TAMS 0x0000000081e00000, 0x0000000081e00000| Complete 
|  30|0x0000000081e00000, 0x0000000081f00000, 0x0000000081f00000|100%|HS|  |TAMS 0x0000000081f00000, 0x0000000081f00000| Complete 
|  31|0x0000000081f00000, 0x0000000082000000, 0x0000000082000000|100%|HC|  |TAMS 0x0000000082000000, 0x0000000082000000| Complete 
|  32|0x0000000082000000, 0x0000000082100000, 0x0000000082100000|100%|HS|  |TAMS 0x0000000082100000, 0x0000000082100000| Complete 
|  33|0x0000000082100000, 0x0000000082200000, 0x0000000082200000|100%|HC|  |TAMS 0x0000000082200000, 0x0000000082200000| Complete 
|  34|0x0000000082200000, 0x0000000082300000, 0x0000000082300000|100%|HC|  |TAMS 0x0000000082300000, 0x0000000082300000| Complete 
|  35|0x0000000082300000, 0x0000000082400000, 0x0000000082400000|100%|HC|  |TAMS 0x0000000082400000, 0x0000000082400000| Complete 
|  36|0x0000000082400000, 0x0000000082500000, 0x0000000082500000|100%| O|  |TAMS 0x0000000082500000, 0x0000000082500000| Untracked 
|  37|0x0000000082500000, 0x0000000082600000, 0x0000000082600000|100%| O|  |TAMS 0x0000000082600000, 0x0000000082600000| Untracked 
|  38|0x0000000082600000, 0x0000000082700000, 0x0000000082700000|100%| O|  |TAMS 0x0000000082600000, 0x0000000082700000| Untracked 
|  39|0x0000000082700000, 0x0000000082800000, 0x0000000082800000|100%| O|  |TAMS 0x0000000082800000, 0x0000000082800000| Untracked 
|  40|0x0000000082800000, 0x0000000082900000, 0x0000000082900000|100%| O|  |TAMS 0x0000000082900000, 0x0000000082900000| Untracked 
|  41|0x0000000082900000, 0x0000000082a00000, 0x0000000082a00000|100%| O|  |TAMS 0x0000000082a00000, 0x0000000082a00000| Untracked 
|  42|0x0000000082a00000, 0x0000000082b00000, 0x0000000082b00000|100%| O|  |TAMS 0x0000000082b00000, 0x0000000082b00000| Untracked 
|  43|0x0000000082b00000, 0x0000000082c00000, 0x0000000082c00000|100%| O|  |TAMS 0x0000000082c00000, 0x0000000082c00000| Untracked 
|  44|0x0000000082c00000, 0x0000000082d00000, 0x0000000082d00000|100%| O|  |TAMS 0x0000000082d00000, 0x0000000082d00000| Untracked 
|  45|0x0000000082d00000, 0x0000000082e00000, 0x0000000082e00000|100%| O|  |TAMS 0x0000000082e00000, 0x0000000082e00000| Untracked 
|  46|0x0000000082e00000, 0x0000000082f00000, 0x0000000082f00000|100%| O|  |TAMS 0x0000000082f00000, 0x0000000082f00000| Untracked 
|  47|0x0000000082f00000, 0x0000000083000000, 0x0000000083000000|100%| O|  |TAMS 0x0000000083000000, 0x0000000083000000| Untracked 
|  48|0x0000000083000000, 0x0000000083100000, 0x0000000083100000|100%| O|  |TAMS 0x0000000083100000, 0x0000000083100000| Untracked 
|  49|0x0000000083100000, 0x0000000083200000, 0x0000000083200000|100%| O|  |TAMS 0x0000000083200000, 0x0000000083200000| Untracked 
|  50|0x0000000083200000, 0x0000000083300000, 0x0000000083300000|100%| O|  |TAMS 0x0000000083300000, 0x0000000083300000| Untracked 
|  51|0x0000000083300000, 0x0000000083400000, 0x0000000083400000|100%| O|  |TAMS 0x0000000083400000, 0x0000000083400000| Untracked 
|  52|0x0000000083400000, 0x0000000083500000, 0x0000000083500000|100%| O|  |TAMS 0x0000000083500000, 0x0000000083500000| Untracked 
|  53|0x0000000083500000, 0x0000000083600000, 0x0000000083600000|100%| O|  |TAMS 0x0000000083600000, 0x0000000083600000| Untracked 
|  54|0x0000000083600000, 0x0000000083700000, 0x0000000083700000|100%| O|  |TAMS 0x0000000083700000, 0x0000000083700000| Untracked 
|  55|0x0000000083700000, 0x0000000083800000, 0x0000000083800000|100%| O|  |TAMS 0x0000000083800000, 0x0000000083800000| Untracked 
|  56|0x0000000083800000, 0x0000000083900000, 0x0000000083900000|100%| O|  |TAMS 0x0000000083900000, 0x0000000083900000| Untracked 
|  57|0x0000000083900000, 0x0000000083a00000, 0x0000000083a00000|100%| O|  |TAMS 0x0000000083a00000, 0x0000000083a00000| Untracked 
|  58|0x0000000083a00000, 0x0000000083b00000, 0x0000000083b00000|100%| O|  |TAMS 0x0000000083b00000, 0x0000000083b00000| Untracked 
|  59|0x0000000083b00000, 0x0000000083c00000, 0x0000000083c00000|100%| O|  |TAMS 0x0000000083c00000, 0x0000000083c00000| Untracked 
|  60|0x0000000083c00000, 0x0000000083d00000, 0x0000000083d00000|100%| O|  |TAMS 0x0000000083d00000, 0x0000000083d00000| Untracked 
|  61|0x0000000083d00000, 0x0000000083e00000, 0x0000000083e00000|100%| O|  |TAMS 0x0000000083e00000, 0x0000000083e00000| Untracked 
|  62|0x0000000083e00000, 0x0000000083f00000, 0x0000000083f00000|100%| O|  |TAMS 0x0000000083f00000, 0x0000000083f00000| Untracked 
|  63|0x0000000083f00000, 0x0000000084000000, 0x0000000084000000|100%| O|  |TAMS 0x0000000084000000, 0x0000000084000000| Untracked 
|  64|0x0000000084000000, 0x0000000084100000, 0x0000000084100000|100%| O|  |TAMS 0x0000000084100000, 0x0000000084100000| Untracked 
|  65|0x0000000084100000, 0x0000000084200000, 0x0000000084200000|100%| O|  |TAMS 0x0000000084200000, 0x0000000084200000| Untracked 
|  66|0x0000000084200000, 0x0000000084300000, 0x0000000084300000|100%| O|  |TAMS 0x0000000084300000, 0x0000000084300000| Untracked 
|  67|0x0000000084300000, 0x0000000084400000, 0x0000000084400000|100%| O|  |TAMS 0x0000000084400000, 0x0000000084400000| Untracked 
|  68|0x0000000084400000, 0x0000000084500000, 0x0000000084500000|100%| O|  |TAMS 0x0000000084500000, 0x0000000084500000| Untracked 
|  69|0x0000000084500000, 0x0000000084600000, 0x0000000084600000|100%| O|  |TAMS 0x0000000084600000, 0x0000000084600000| Untracked 
|  70|0x0000000084600000, 0x0000000084700000, 0x0000000084700000|100%| O|  |TAMS 0x0000000084700000, 0x0000000084700000| Untracked 
|  71|0x0000000084700000, 0x0000000084800000, 0x0000000084800000|100%| O|  |TAMS 0x0000000084800000, 0x0000000084800000| Untracked 
|  72|0x0000000084800000, 0x0000000084900000, 0x0000000084900000|100%| O|  |TAMS 0x0000000084900000, 0x0000000084900000| Untracked 
|  73|0x0000000084900000, 0x0000000084a00000, 0x0000000084a00000|100%|HS|  |TAMS 0x0000000084a00000, 0x0000000084a00000| Complete 
|  74|0x0000000084a00000, 0x0000000084b00000, 0x0000000084b00000|100%|HC|  |TAMS 0x0000000084b00000, 0x0000000084b00000| Complete 
|  75|0x0000000084b00000, 0x0000000084c00000, 0x0000000084c00000|100%| O|  |TAMS 0x0000000084c00000, 0x0000000084c00000| Untracked 
|  76|0x0000000084c00000, 0x0000000084d00000, 0x0000000084d00000|100%|HS|  |TAMS 0x0000000084d00000, 0x0000000084d00000| Complete 
|  77|0x0000000084d00000, 0x0000000084e00000, 0x0000000084e00000|100%|HC|  |TAMS 0x0000000084e00000, 0x0000000084e00000| Complete 
|  78|0x0000000084e00000, 0x0000000084f00000, 0x0000000084f00000|100%|HC|  |TAMS 0x0000000084f00000, 0x0000000084f00000| Complete 
|  79|0x0000000084f00000, 0x0000000085000000, 0x0000000085000000|100%| O|  |TAMS 0x0000000085000000, 0x0000000085000000| Untracked 
|  80|0x0000000085000000, 0x0000000085100000, 0x0000000085100000|100%| O|  |TAMS 0x0000000085100000, 0x0000000085100000| Untracked 
|  81|0x0000000085100000, 0x0000000085200000, 0x0000000085200000|100%| O|  |TAMS 0x0000000085200000, 0x0000000085200000| Untracked 
|  82|0x0000000085200000, 0x0000000085300000, 0x0000000085300000|100%| O|  |TAMS 0x0000000085300000, 0x0000000085300000| Untracked 
|  83|0x0000000085300000, 0x0000000085400000, 0x0000000085400000|100%| O|  |TAMS 0x0000000085400000, 0x0000000085400000| Untracked 
|  84|0x0000000085400000, 0x0000000085500000, 0x0000000085500000|100%|HS|  |TAMS 0x0000000085500000, 0x0000000085500000| Complete 
|  85|0x0000000085500000, 0x0000000085600000, 0x0000000085600000|100%|HC|  |TAMS 0x0000000085600000, 0x0000000085600000| Complete 
|  86|0x0000000085600000, 0x0000000085700000, 0x0000000085700000|100%|HC|  |TAMS 0x0000000085700000, 0x0000000085700000| Complete 
|  87|0x0000000085700000, 0x0000000085800000, 0x0000000085800000|100%|HC|  |TAMS 0x0000000085800000, 0x0000000085800000| Complete 
|  88|0x0000000085800000, 0x0000000085900000, 0x0000000085900000|100%|HC|  |TAMS 0x0000000085900000, 0x0000000085900000| Complete 
|  89|0x0000000085900000, 0x0000000085a00000, 0x0000000085a00000|100%| O|  |TAMS 0x0000000085a00000, 0x0000000085a00000| Untracked 
|  90|0x0000000085a00000, 0x0000000085b00000, 0x0000000085b00000|100%| O|  |TAMS 0x0000000085b00000, 0x0000000085b00000| Untracked 
|  91|0x0000000085b00000, 0x0000000085c00000, 0x0000000085c00000|100%| O|  |TAMS 0x0000000085c00000, 0x0000000085c00000| Untracked 
|  92|0x0000000085c00000, 0x0000000085d00000, 0x0000000085d00000|100%| O|  |TAMS 0x0000000085d00000, 0x0000000085d00000| Untracked 
|  93|0x0000000085d00000, 0x0000000085e00000, 0x0000000085e00000|100%| O|  |TAMS 0x0000000085e00000, 0x0000000085e00000| Untracked 
|  94|0x0000000085e00000, 0x0000000085f00000, 0x0000000085f00000|100%| O|  |TAMS 0x0000000085f00000, 0x0000000085f00000| Untracked 
|  95|0x0000000085f00000, 0x0000000086000000, 0x0000000086000000|100%| O|  |TAMS 0x0000000086000000, 0x0000000086000000| Untracked 
|  96|0x0000000086000000, 0x0000000086100000, 0x0000000086100000|100%| O|  |TAMS 0x0000000086100000, 0x0000000086100000| Untracked 
|  97|0x0000000086100000, 0x0000000086200000, 0x0000000086200000|100%| O|  |TAMS 0x0000000086200000, 0x0000000086200000| Untracked 
|  98|0x0000000086200000, 0x0000000086300000, 0x0000000086300000|100%| O|  |TAMS 0x0000000086300000, 0x0000000086300000| Untracked 
|  99|0x0000000086300000, 0x0000000086400000, 0x0000000086400000|100%| O|  |TAMS 0x0000000086400000, 0x0000000086400000| Untracked 
| 100|0x0000000086400000, 0x0000000086500000, 0x0000000086500000|100%| O|  |TAMS 0x0000000086500000, 0x0000000086500000| Untracked 
| 101|0x0000000086500000, 0x0000000086600000, 0x0000000086600000|100%|HS|  |TAMS 0x0000000086600000, 0x0000000086600000| Complete 
| 102|0x0000000086600000, 0x0000000086700000, 0x0000000086700000|100%|HC|  |TAMS 0x0000000086700000, 0x0000000086700000| Complete 
| 103|0x0000000086700000, 0x0000000086800000, 0x0000000086800000|100%|HS|  |TAMS 0x0000000086800000, 0x0000000086800000| Complete 
| 104|0x0000000086800000, 0x0000000086900000, 0x0000000086900000|100%|HC|  |TAMS 0x0000000086900000, 0x0000000086900000| Complete 
| 105|0x0000000086900000, 0x0000000086a00000, 0x0000000086a00000|100%|HC|  |TAMS 0x0000000086a00000, 0x0000000086a00000| Complete 
| 106|0x0000000086a00000, 0x0000000086b00000, 0x0000000086b00000|100%| O|  |TAMS 0x0000000086b00000, 0x0000000086b00000| Untracked 
| 107|0x0000000086b00000, 0x0000000086c00000, 0x0000000086c00000|100%|HS|  |TAMS 0x0000000086c00000, 0x0000000086c00000| Complete 
| 108|0x0000000086c00000, 0x0000000086d00000, 0x0000000086d00000|100%|HC|  |TAMS 0x0000000086d00000, 0x0000000086d00000| Complete 
| 109|0x0000000086d00000, 0x0000000086e00000, 0x0000000086e00000|100%|HC|  |TAMS 0x0000000086e00000, 0x0000000086e00000| Complete 
| 110|0x0000000086e00000, 0x0000000086f00000, 0x0000000086f00000|100%|HC|  |TAMS 0x0000000086f00000, 0x0000000086f00000| Complete 
| 111|0x0000000086f00000, 0x0000000087000000, 0x0000000087000000|100%|HC|  |TAMS 0x0000000087000000, 0x0000000087000000| Complete 
| 112|0x0000000087000000, 0x0000000087100000, 0x0000000087100000|100%|HC|  |TAMS 0x0000000087100000, 0x0000000087100000| Complete 
| 113|0x0000000087100000, 0x0000000087200000, 0x0000000087200000|100%|HC|  |TAMS 0x0000000087200000, 0x0000000087200000| Complete 
| 114|0x0000000087200000, 0x0000000087300000, 0x0000000087300000|100%|HC|  |TAMS 0x0000000087300000, 0x0000000087300000| Complete 
| 115|0x0000000087300000, 0x0000000087400000, 0x0000000087400000|100%|HC|  |TAMS 0x0000000087400000, 0x0000000087400000| Complete 
| 116|0x0000000087400000, 0x0000000087500000, 0x0000000087500000|100%|HC|  |TAMS 0x0000000087500000, 0x0000000087500000| Complete 
| 117|0x0000000087500000, 0x0000000087600000, 0x0000000087600000|100%|HS|  |TAMS 0x0000000087600000, 0x0000000087600000| Complete 
| 118|0x0000000087600000, 0x0000000087700000, 0x0000000087700000|100%|HC|  |TAMS 0x0000000087700000, 0x0000000087700000| Complete 
| 119|0x0000000087700000, 0x0000000087800000, 0x0000000087800000|100%|HS|  |TAMS 0x0000000087800000, 0x0000000087800000| Complete 
| 120|0x0000000087800000, 0x0000000087900000, 0x0000000087900000|100%|HC|  |TAMS 0x0000000087900000, 0x0000000087900000| Complete 
| 121|0x0000000087900000, 0x0000000087a00000, 0x0000000087a00000|100%|HS|  |TAMS 0x0000000087a00000, 0x0000000087a00000| Complete 
| 122|0x0000000087a00000, 0x0000000087b00000, 0x0000000087b00000|100%|HC|  |TAMS 0x0000000087b00000, 0x0000000087b00000| Complete 
| 123|0x0000000087b00000, 0x0000000087c00000, 0x0000000087c00000|100%|HC|  |TAMS 0x0000000087c00000, 0x0000000087c00000| Complete 
| 124|0x0000000087c00000, 0x0000000087d00000, 0x0000000087d00000|100%|HS|  |TAMS 0x0000000087d00000, 0x0000000087d00000| Complete 
| 125|0x0000000087d00000, 0x0000000087e00000, 0x0000000087e00000|100%|HC|  |TAMS 0x0000000087e00000, 0x0000000087e00000| Complete 
| 126|0x0000000087e00000, 0x0000000087f00000, 0x0000000087f00000|100%| O|  |TAMS 0x0000000087f00000, 0x0000000087f00000| Untracked 
| 127|0x0000000087f00000, 0x0000000088000000, 0x0000000088000000|100%| O|  |TAMS 0x0000000088000000, 0x0000000088000000| Untracked 
| 128|0x0000000088000000, 0x0000000088100000, 0x0000000088100000|100%| O|  |TAMS 0x0000000088100000, 0x0000000088100000| Untracked 
| 129|0x0000000088100000, 0x0000000088200000, 0x0000000088200000|100%| O|  |TAMS 0x0000000088200000, 0x0000000088200000| Untracked 
| 130|0x0000000088200000, 0x0000000088300000, 0x0000000088300000|100%| O|  |TAMS 0x0000000088300000, 0x0000000088300000| Untracked 
| 131|0x0000000088300000, 0x0000000088400000, 0x0000000088400000|100%|HS|  |TAMS 0x0000000088400000, 0x0000000088400000| Complete 
| 132|0x0000000088400000, 0x0000000088500000, 0x0000000088500000|100%|HC|  |TAMS 0x0000000088500000, 0x0000000088500000| Complete 
| 133|0x0000000088500000, 0x0000000088600000, 0x0000000088600000|100%|HC|  |TAMS 0x0000000088600000, 0x0000000088600000| Complete 
| 134|0x0000000088600000, 0x0000000088700000, 0x0000000088700000|100%|HC|  |TAMS 0x0000000088700000, 0x0000000088700000| Complete 
| 135|0x0000000088700000, 0x0000000088800000, 0x0000000088800000|100%|HC|  |TAMS 0x0000000088800000, 0x0000000088800000| Complete 
| 136|0x0000000088800000, 0x0000000088900000, 0x0000000088900000|100%|HC|  |TAMS 0x0000000088900000, 0x0000000088900000| Complete 
| 137|0x0000000088900000, 0x0000000088a00000, 0x0000000088a00000|100%|HC|  |TAMS 0x0000000088a00000, 0x0000000088a00000| Complete 
| 138|0x0000000088a00000, 0x0000000088b00000, 0x0000000088b00000|100%|HC|  |TAMS 0x0000000088b00000, 0x0000000088b00000| Complete 
| 139|0x0000000088b00000, 0x0000000088c00000, 0x0000000088c00000|100%|HC|  |TAMS 0x0000000088c00000, 0x0000000088c00000| Complete 
| 140|0x0000000088c00000, 0x0000000088d00000, 0x0000000088d00000|100%|HC|  |TAMS 0x0000000088d00000, 0x0000000088d00000| Complete 
| 141|0x0000000088d00000, 0x0000000088e00000, 0x0000000088e00000|100%|HS|  |TAMS 0x0000000088e00000, 0x0000000088e00000| Complete 
| 142|0x0000000088e00000, 0x0000000088f00000, 0x0000000088f00000|100%|HC|  |TAMS 0x0000000088f00000, 0x0000000088f00000| Complete 
| 143|0x0000000088f00000, 0x0000000089000000, 0x0000000089000000|100%|HC|  |TAMS 0x0000000089000000, 0x0000000089000000| Complete 
| 144|0x0000000089000000, 0x0000000089100000, 0x0000000089100000|100%| O|  |TAMS 0x0000000089100000, 0x0000000089100000| Untracked 
| 145|0x0000000089100000, 0x0000000089200000, 0x0000000089200000|100%| O|  |TAMS 0x0000000089200000, 0x0000000089200000| Untracked 
| 146|0x0000000089200000, 0x0000000089300000, 0x0000000089300000|100%| O|  |TAMS 0x0000000089300000, 0x0000000089300000| Untracked 
| 147|0x0000000089300000, 0x0000000089400000, 0x0000000089400000|100%| O|  |TAMS 0x0000000089400000, 0x0000000089400000| Untracked 
| 148|0x0000000089400000, 0x0000000089500000, 0x0000000089500000|100%|HS|  |TAMS 0x0000000089500000, 0x0000000089500000| Complete 
| 149|0x0000000089500000, 0x0000000089600000, 0x0000000089600000|100%|HC|  |TAMS 0x0000000089600000, 0x0000000089600000| Complete 
| 150|0x0000000089600000, 0x0000000089700000, 0x0000000089700000|100%|HC|  |TAMS 0x0000000089700000, 0x0000000089700000| Complete 
| 151|0x0000000089700000, 0x0000000089800000, 0x0000000089800000|100%|HC|  |TAMS 0x0000000089800000, 0x0000000089800000| Complete 
| 152|0x0000000089800000, 0x0000000089900000, 0x0000000089900000|100%|HC|  |TAMS 0x0000000089900000, 0x0000000089900000| Complete 
| 153|0x0000000089900000, 0x0000000089a00000, 0x0000000089a00000|100%| O|  |TAMS 0x0000000089a00000, 0x0000000089a00000| Untracked 
| 154|0x0000000089a00000, 0x0000000089b00000, 0x0000000089b00000|100%| O|  |TAMS 0x0000000089a4c400, 0x0000000089b00000| Untracked 
| 155|0x0000000089b00000, 0x0000000089b46200, 0x0000000089c00000| 27%| O|  |TAMS 0x0000000089b00000, 0x0000000089b46200| Untracked 
| 156|0x0000000089c00000, 0x0000000089c00000, 0x0000000089d00000|  0%| F|  |TAMS 0x0000000089c00000, 0x0000000089c00000| Untracked 
| 157|0x0000000089d00000, 0x0000000089d00000, 0x0000000089e00000|  0%| F|  |TAMS 0x0000000089d00000, 0x0000000089d00000| Untracked 
| 158|0x0000000089e00000, 0x0000000089e00000, 0x0000000089f00000|  0%| F|  |TAMS 0x0000000089e00000, 0x0000000089e00000| Untracked 
| 159|0x0000000089f00000, 0x0000000089f00000, 0x000000008a000000|  0%| F|  |TAMS 0x0000000089f00000, 0x0000000089f00000| Untracked 
| 160|0x000000008a000000, 0x000000008a000000, 0x000000008a100000|  0%| F|  |TAMS 0x000000008a000000, 0x000000008a000000| Untracked 
| 161|0x000000008a100000, 0x000000008a100000, 0x000000008a200000|  0%| F|  |TAMS 0x000000008a100000, 0x000000008a100000| Untracked 
| 162|0x000000008a200000, 0x000000008a200000, 0x000000008a300000|  0%| F|  |TAMS 0x000000008a200000, 0x000000008a200000| Untracked 
| 163|0x000000008a300000, 0x000000008a300000, 0x000000008a400000|  0%| F|  |TAMS 0x000000008a300000, 0x000000008a300000| Untracked 
| 164|0x000000008a400000, 0x000000008a400000, 0x000000008a500000|  0%| F|  |TAMS 0x000000008a400000, 0x000000008a400000| Untracked 
| 165|0x000000008a500000, 0x000000008a500000, 0x000000008a600000|  0%| F|  |TAMS 0x000000008a500000, 0x000000008a500000| Untracked 
| 166|0x000000008a600000, 0x000000008a600000, 0x000000008a700000|  0%| F|  |TAMS 0x000000008a600000, 0x000000008a600000| Untracked 
| 167|0x000000008a700000, 0x000000008a700000, 0x000000008a800000|  0%| F|  |TAMS 0x000000008a700000, 0x000000008a700000| Untracked 
| 168|0x000000008a800000, 0x000000008a800000, 0x000000008a900000|  0%| F|  |TAMS 0x000000008a800000, 0x000000008a800000| Untracked 
| 169|0x000000008a900000, 0x000000008a900000, 0x000000008aa00000|  0%| F|  |TAMS 0x000000008a900000, 0x000000008a900000| Untracked 
| 170|0x000000008aa00000, 0x000000008aa00000, 0x000000008ab00000|  0%| F|  |TAMS 0x000000008aa00000, 0x000000008aa00000| Untracked 
| 171|0x000000008ab00000, 0x000000008ab00000, 0x000000008ac00000|  0%| F|  |TAMS 0x000000008ab00000, 0x000000008ab00000| Untracked 
| 172|0x000000008ac00000, 0x000000008ac00000, 0x000000008ad00000|  0%| F|  |TAMS 0x000000008ac00000, 0x000000008ac00000| Untracked 
| 173|0x000000008ad00000, 0x000000008ad00000, 0x000000008ae00000|  0%| F|  |TAMS 0x000000008ad00000, 0x000000008ad00000| Untracked 
| 174|0x000000008ae00000, 0x000000008ae00000, 0x000000008af00000|  0%| F|  |TAMS 0x000000008ae00000, 0x000000008ae00000| Untracked 
| 175|0x000000008af00000, 0x000000008af00000, 0x000000008b000000|  0%| F|  |TAMS 0x000000008af00000, 0x000000008af00000| Untracked 
| 176|0x000000008b000000, 0x000000008b000000, 0x000000008b100000|  0%| F|  |TAMS 0x000000008b000000, 0x000000008b000000| Untracked 
| 177|0x000000008b100000, 0x000000008b100000, 0x000000008b200000|  0%| F|  |TAMS 0x000000008b100000, 0x000000008b100000| Untracked 
| 178|0x000000008b200000, 0x000000008b200000, 0x000000008b300000|  0%| F|  |TAMS 0x000000008b200000, 0x000000008b200000| Untracked 
| 179|0x000000008b300000, 0x000000008b300000, 0x000000008b400000|  0%| F|  |TAMS 0x000000008b300000, 0x000000008b300000| Untracked 
| 180|0x000000008b400000, 0x000000008b400000, 0x000000008b500000|  0%| F|  |TAMS 0x000000008b400000, 0x000000008b400000| Untracked 
| 181|0x000000008b500000, 0x000000008b500000, 0x000000008b600000|  0%| F|  |TAMS 0x000000008b500000, 0x000000008b500000| Untracked 
| 182|0x000000008b600000, 0x000000008b600000, 0x000000008b700000|  0%| F|  |TAMS 0x000000008b600000, 0x000000008b600000| Untracked 
| 183|0x000000008b700000, 0x000000008b700000, 0x000000008b800000|  0%| F|  |TAMS 0x000000008b700000, 0x000000008b700000| Untracked 
| 184|0x000000008b800000, 0x000000008b800000, 0x000000008b900000|  0%| F|  |TAMS 0x000000008b800000, 0x000000008b800000| Untracked 
| 185|0x000000008b900000, 0x000000008b900000, 0x000000008ba00000|  0%| F|  |TAMS 0x000000008b900000, 0x000000008b900000| Untracked 
| 186|0x000000008ba00000, 0x000000008ba00000, 0x000000008bb00000|  0%| F|  |TAMS 0x000000008ba00000, 0x000000008ba00000| Untracked 
| 187|0x000000008bb00000, 0x000000008bb00000, 0x000000008bc00000|  0%| F|  |TAMS 0x000000008bb00000, 0x000000008bb00000| Untracked 
| 188|0x000000008bc00000, 0x000000008bc00000, 0x000000008bd00000|  0%| F|  |TAMS 0x000000008bc00000, 0x000000008bc00000| Untracked 
| 189|0x000000008bd00000, 0x000000008bd00000, 0x000000008be00000|  0%| F|  |TAMS 0x000000008bd00000, 0x000000008bd00000| Untracked 
| 190|0x000000008be00000, 0x000000008be00000, 0x000000008bf00000|  0%| F|  |TAMS 0x000000008be00000, 0x000000008be00000| Untracked 
| 191|0x000000008bf00000, 0x000000008bf00000, 0x000000008c000000|  0%| F|  |TAMS 0x000000008bf00000, 0x000000008bf00000| Untracked 
| 192|0x000000008c000000, 0x000000008c000000, 0x000000008c100000|  0%| F|  |TAMS 0x000000008c000000, 0x000000008c000000| Untracked 
| 193|0x000000008c100000, 0x000000008c100000, 0x000000008c200000|  0%| F|  |TAMS 0x000000008c100000, 0x000000008c100000| Untracked 
| 194|0x000000008c200000, 0x000000008c200000, 0x000000008c300000|  0%| F|  |TAMS 0x000000008c200000, 0x000000008c200000| Untracked 
| 195|0x000000008c300000, 0x000000008c300000, 0x000000008c400000|  0%| F|  |TAMS 0x000000008c300000, 0x000000008c300000| Untracked 
| 196|0x000000008c400000, 0x000000008c400000, 0x000000008c500000|  0%| F|  |TAMS 0x000000008c400000, 0x000000008c400000| Untracked 
| 197|0x000000008c500000, 0x000000008c500000, 0x000000008c600000|  0%| F|  |TAMS 0x000000008c500000, 0x000000008c500000| Untracked 
| 198|0x000000008c600000, 0x000000008c600000, 0x000000008c700000|  0%| F|  |TAMS 0x000000008c600000, 0x000000008c600000| Untracked 
| 199|0x000000008c700000, 0x000000008c7e0100, 0x000000008c800000| 87%| S|CS|TAMS 0x000000008c700000, 0x000000008c700000| Complete 
| 200|0x000000008c800000, 0x000000008c900000, 0x000000008c900000|100%| S|CS|TAMS 0x000000008c800000, 0x000000008c800000| Complete 
| 201|0x000000008c900000, 0x000000008c900000, 0x000000008ca00000|  0%| F|  |TAMS 0x000000008c900000, 0x000000008c900000| Untracked 
| 202|0x000000008ca00000, 0x000000008ca00000, 0x000000008cb00000|  0%| F|  |TAMS 0x000000008ca00000, 0x000000008ca00000| Untracked 
| 203|0x000000008cb00000, 0x000000008cb00000, 0x000000008cc00000|  0%| F|  |TAMS 0x000000008cb00000, 0x000000008cb00000| Untracked 
| 204|0x000000008cc00000, 0x000000008cc00000, 0x000000008cd00000|  0%| F|  |TAMS 0x000000008cc00000, 0x000000008cc00000| Untracked 
| 205|0x000000008cd00000, 0x000000008cd00000, 0x000000008ce00000|  0%| F|  |TAMS 0x000000008cd00000, 0x000000008cd00000| Untracked 
| 206|0x000000008ce00000, 0x000000008ce00000, 0x000000008cf00000|  0%| F|  |TAMS 0x000000008ce00000, 0x000000008ce00000| Untracked 
| 207|0x000000008cf00000, 0x000000008cf00000, 0x000000008d000000|  0%| F|  |TAMS 0x000000008cf00000, 0x000000008cf00000| Untracked 
| 208|0x000000008d000000, 0x000000008d000000, 0x000000008d100000|  0%| F|  |TAMS 0x000000008d000000, 0x000000008d000000| Untracked 
| 209|0x000000008d100000, 0x000000008d100000, 0x000000008d200000|  0%| F|  |TAMS 0x000000008d100000, 0x000000008d100000| Untracked 
| 210|0x000000008d200000, 0x000000008d200000, 0x000000008d300000|  0%| F|  |TAMS 0x000000008d200000, 0x000000008d200000| Untracked 
| 211|0x000000008d300000, 0x000000008d300000, 0x000000008d400000|  0%| F|  |TAMS 0x000000008d300000, 0x000000008d300000| Untracked 
| 212|0x000000008d400000, 0x000000008d400000, 0x000000008d500000|  0%| F|  |TAMS 0x000000008d400000, 0x000000008d400000| Untracked 
| 213|0x000000008d500000, 0x000000008d570030, 0x000000008d600000| 43%| E|  |TAMS 0x000000008d500000, 0x000000008d500000| Complete 
| 214|0x000000008d600000, 0x000000008d700000, 0x000000008d700000|100%| E|CS|TAMS 0x000000008d600000, 0x000000008d600000| Complete 
| 215|0x000000008d700000, 0x000000008d800000, 0x000000008d800000|100%| E|CS|TAMS 0x000000008d700000, 0x000000008d700000| Complete 
| 216|0x000000008d800000, 0x000000008d900000, 0x000000008d900000|100%| E|CS|TAMS 0x000000008d800000, 0x000000008d800000| Complete 
| 217|0x000000008d900000, 0x000000008da00000, 0x000000008da00000|100%| E|CS|TAMS 0x000000008d900000, 0x000000008d900000| Complete 
| 218|0x000000008da00000, 0x000000008db00000, 0x000000008db00000|100%| E|CS|TAMS 0x000000008da00000, 0x000000008da00000| Complete 
| 219|0x000000008db00000, 0x000000008dc00000, 0x000000008dc00000|100%| E|CS|TAMS 0x000000008db00000, 0x000000008db00000| Complete 
| 220|0x000000008dc00000, 0x000000008dd00000, 0x000000008dd00000|100%| E|CS|TAMS 0x000000008dc00000, 0x000000008dc00000| Complete 
| 221|0x000000008dd00000, 0x000000008de00000, 0x000000008de00000|100%| E|CS|TAMS 0x000000008dd00000, 0x000000008dd00000| Complete 

Card table byte_map: [0x00000156966f0000,0x0000015696af0000] _byte_map_base: 0x00000156962f0000

Marking Bits (Prev, Next): (CMBitMap*) 0x00000156838033d0, (CMBitMap*) 0x0000015683803398
 Prev Bits: [0x0000015698ef0000, 0x000001569aef0000)
 Next Bits: [0x0000015696ef0000, 0x0000015698ef0000)

Polling page: 0x0000015681640000

Metaspace:

Usage:
  Non-class:     96.31 MB capacity,    94.73 MB ( 98%) used,     1.29 MB (  1%) free+waste,   303.50 KB ( <1%) overhead. 
      Class:     14.42 MB capacity,    13.49 MB ( 94%) used,   826.62 KB (  6%) free+waste,   129.94 KB ( <1%) overhead. 
       Both:    110.73 MB capacity,   108.22 MB ( 98%) used,     2.09 MB (  2%) free+waste,   433.44 KB ( <1%) overhead. 

Virtual space:
  Non-class space:       98.00 MB reserved,      96.67 MB ( 99%) committed 
      Class space:        1.00 GB reserved,      14.62 MB (  1%) committed 
             Both:        1.10 GB reserved,     111.30 MB ( 10%) committed 

Chunk freelists:
   Non-Class:  307.00 KB
       Class:  173.00 KB
        Both:  480.00 KB

MaxMetaspaceSize: 17179869184.00 GB
CompressedClassSpaceSize: 1.00 GB
Initial GC threshold: 20.80 MB
Current GC threshold: 185.50 MB
CDS: off

CodeHeap 'non-profiled nmethods': size=120064Kb used=10206Kb max_used=10206Kb free=109857Kb
 bounds [0x000001568edb0000, 0x000001568f7b0000, 0x00000156962f0000]
CodeHeap 'profiled nmethods': size=120000Kb used=33062Kb max_used=33062Kb free=86937Kb
 bounds [0x0000015687880000, 0x00000156898d0000, 0x000001568edb0000]
CodeHeap 'non-nmethods': size=5696Kb used=2425Kb max_used=2516Kb free=3270Kb
 bounds [0x00000156872f0000, 0x0000015687570000, 0x0000015687880000]
 total_blobs=16534 nmethods=15574 adapters=872
 compilation: enabled
              stopped_count=0, restarted_count=0
 full_count=0

Compilation events (20 events):
Event: 8725.066 Thread 0x000001569d40a800 15851       3       org.codehaus.groovy.reflection.ClassInfo::getMetaClassUnderLock (80 bytes)
Event: 8725.067 Thread 0x000001569d40a800 nmethod 15851 0x00000156898c5610 code [0x00000156898c58c0, 0x00000156898c6648]
Event: 8725.071 Thread 0x000001569d40a800 15852       1       groovyjarjarasm.asm.SymbolTable::getClassName (5 bytes)
Event: 8725.072 Thread 0x000001569d40a800 nmethod 15852 0x000001568f77dd90 code [0x000001568f77df40, 0x000001568f77dff8]
Event: 8725.076 Thread 0x000001569d40a800 15855       3       sun.reflect.generics.parser.SignatureParser::parseBaseType (205 bytes)
Event: 8725.077 Thread 0x000001569d40a800 nmethod 15855 0x00000156898c6a10 code [0x00000156898c6cc0, 0x00000156898c7488]
Event: 8725.077 Thread 0x000001569d40a800 15856       3       groovyjarjarasm.asm.AnnotationWriter::putAnnotations (67 bytes)
Event: 8725.078 Thread 0x000001569d40a800 nmethod 15856 0x00000156898c7710 code [0x00000156898c7940, 0x00000156898c7d78]
Event: 8725.128 Thread 0x000001569d405800 nmethod 15758 0x000001568f77e090 code [0x000001568f77e6c0, 0x000001568f786d48]
Event: 8725.130 Thread 0x000001569d405800 15853       4       org.codehaus.groovy.reflection.ParameterTypes::getParameterTypes (16 bytes)
Event: 8725.338 Thread 0x000001569d40a800 15861       2       java.lang.Class::getMethod (59 bytes)
Event: 8725.338 Thread 0x000001569d40a800 nmethod 15861 0x00000156898c8010 code [0x00000156898c8260, 0x00000156898c87a8]
Event: 8725.339 Thread 0x000001569d40a800 15862       2       java.lang.Class::getMethod0 (31 bytes)
Event: 8725.339 Thread 0x000001569d40a800 nmethod 15862 0x00000156898c8a90 code [0x00000156898c8c60, 0x00000156898c8dd8]
Event: 8725.479 Thread 0x00000156ab31a800 nmethod 15837 0x000001568f789710 code [0x000001568f789c40, 0x000001568f791110]
Event: 8725.480 Thread 0x00000156ab31a800 15864       4       java.lang.Class::getMethodsRecursive (99 bytes)
Event: 8725.551 Thread 0x000001569d405800 nmethod 15853 0x000001568f793810 code [0x000001568f793ce0, 0x000001568f79a2a8]
Event: 8725.552 Thread 0x000001569d405800 15866       4       java.lang.Class::getMethod (59 bytes)
Event: 8725.680 Thread 0x000001569d40a800 15872       3       java.util.ComparableTimSort::mergeAt (356 bytes)
Event: 8725.681 Thread 0x000001569d40a800 nmethod 15872 0x00000156898c8e90 code [0x00000156898c90c0, 0x00000156898c9858]

GC Heap History (20 events):
Event: 8722.792 GC heap before
{Heap before GC invocations=72 (full 0):
 garbage-first heap   total 189440K, used 159324K [0x0000000080000000, 0x0000000100000000)
  region size 1024K, 12 young (12288K), 2 survivors (2048K)
 Metaspace       used 110239K, capacity 112771K, committed 113584K, reserved 1148928K
  class space    used 13720K, capacity 14613K, committed 14848K, reserved 1048576K
}
Event: 8722.811 GC heap after
{Heap after GC invocations=73 (full 0):
 garbage-first heap   total 189440K, used 150200K [0x0000000080000000, 0x0000000100000000)
  region size 1024K, 2 young (2048K), 2 survivors (2048K)
 Metaspace       used 110239K, capacity 112771K, committed 113584K, reserved 1148928K
  class space    used 13720K, capacity 14613K, committed 14848K, reserved 1048576K
}
Event: 8723.216 GC heap before
{Heap before GC invocations=74 (full 0):
 garbage-first heap   total 189440K, used 165560K [0x0000000080000000, 0x0000000100000000)
  region size 1024K, 13 young (13312K), 2 survivors (2048K)
 Metaspace       used 110498K, capacity 112995K, committed 113712K, reserved 1148928K
  class space    used 13770K, capacity 14688K, committed 14976K, reserved 1048576K
}
Event: 8723.233 GC heap after
{Heap after GC invocations=75 (full 0):
 garbage-first heap   total 189440K, used 157331K [0x0000000080000000, 0x0000000100000000)
  region size 1024K, 2 young (2048K), 2 survivors (2048K)
 Metaspace       used 110498K, capacity 112995K, committed 113712K, reserved 1148928K
  class space    used 13770K, capacity 14688K, committed 14976K, reserved 1048576K
}
Event: 8723.255 GC heap before
{Heap before GC invocations=75 (full 0):
 garbage-first heap   total 189440K, used 164499K [0x0000000080000000, 0x0000000100000000)
  region size 1024K, 9 young (9216K), 2 survivors (2048K)
 Metaspace       used 110499K, capacity 112995K, committed 113712K, reserved 1148928K
  class space    used 13770K, capacity 14688K, committed 14976K, reserved 1048576K
}
Event: 8723.278 GC heap after
{Heap after GC invocations=76 (full 0):
 garbage-first heap   total 189440K, used 156681K [0x0000000080000000, 0x0000000100000000)
  region size 1024K, 1 young (1024K), 1 survivors (1024K)
 Metaspace       used 110499K, capacity 112995K, committed 113712K, reserved 1148928K
  class space    used 13770K, capacity 14688K, committed 14976K, reserved 1048576K
}
Event: 8723.727 GC heap before
{Heap before GC invocations=76 (full 0):
 garbage-first heap   total 189440K, used 164873K [0x0000000080000000, 0x0000000100000000)
  region size 1024K, 9 young (9216K), 1 survivors (1024K)
 Metaspace       used 110676K, capacity 113272K, committed 113968K, reserved 1148928K
  class space    used 13803K, capacity 14760K, committed 14976K, reserved 1048576K
}
Event: 8723.733 GC heap after
{Heap after GC invocations=77 (full 0):
 garbage-first heap   total 189440K, used 157543K [0x0000000080000000, 0x0000000100000000)
  region size 1024K, 1 young (1024K), 1 survivors (1024K)
 Metaspace       used 110676K, capacity 113272K, committed 113968K, reserved 1148928K
  class space    used 13803K, capacity 14760K, committed 14976K, reserved 1048576K
}
Event: 8724.209 GC heap before
{Heap before GC invocations=78 (full 0):
 garbage-first heap   total 189440K, used 165735K [0x0000000080000000, 0x0000000100000000)
  region size 1024K, 9 young (9216K), 1 survivors (1024K)
 Metaspace       used 110687K, capacity 113274K, committed 113968K, reserved 1148928K
  class space    used 13803K, capacity 14760K, committed 14976K, reserved 1048576K
}
Event: 8724.214 GC heap after
{Heap after GC invocations=79 (full 0):
 garbage-first heap   total 189440K, used 157926K [0x0000000080000000, 0x0000000100000000)
  region size 1024K, 2 young (2048K), 2 survivors (2048K)
 Metaspace       used 110687K, capacity 113274K, committed 113968K, reserved 1148928K
  class space    used 13803K, capacity 14760K, committed 14976K, reserved 1048576K
}
Event: 8724.358 GC heap before
{Heap before GC invocations=79 (full 0):
 garbage-first heap   total 189440K, used 164070K [0x0000000080000000, 0x0000000100000000)
  region size 1024K, 9 young (9216K), 2 survivors (2048K)
 Metaspace       used 110698K, capacity 113277K, committed 113968K, reserved 1148928K
  class space    used 13803K, capacity 14760K, committed 14976K, reserved 1048576K
}
Event: 8724.370 GC heap after
{Heap after GC invocations=80 (full 0):
 garbage-first heap   total 189440K, used 157829K [0x0000000080000000, 0x0000000100000000)
  region size 1024K, 1 young (1024K), 1 survivors (1024K)
 Metaspace       used 110698K, capacity 113277K, committed 113968K, reserved 1148928K
  class space    used 13803K, capacity 14760K, committed 14976K, reserved 1048576K
}
Event: 8724.920 GC heap before
{Heap before GC invocations=80 (full 0):
 garbage-first heap   total 189440K, used 166021K [0x0000000080000000, 0x0000000100000000)
  region size 1024K, 9 young (9216K), 1 survivors (1024K)
 Metaspace       used 110787K, capacity 113368K, committed 113968K, reserved 1148928K
  class space    used 13809K, capacity 14763K, committed 14976K, reserved 1048576K
}
Event: 8724.927 GC heap after
{Heap after GC invocations=81 (full 0):
 garbage-first heap   total 189440K, used 159025K [0x0000000080000000, 0x0000000100000000)
  region size 1024K, 2 young (2048K), 2 survivors (2048K)
 Metaspace       used 110787K, capacity 113368K, committed 113968K, reserved 1148928K
  class space    used 13809K, capacity 14763K, committed 14976K, reserved 1048576K
}
Event: 8725.215 GC heap before
{Heap before GC invocations=81 (full 0):
 garbage-first heap   total 189440K, used 166193K [0x0000000080000000, 0x0000000100000000)
  region size 1024K, 9 young (9216K), 2 survivors (2048K)
 Metaspace       used 110812K, capacity 113386K, committed 113968K, reserved 1148928K
  class space    used 13813K, capacity 14769K, committed 14976K, reserved 1048576K
}
Event: 8725.232 GC heap after
{Heap after GC invocations=82 (full 0):
 garbage-first heap   total 189440K, used 160024K [0x0000000080000000, 0x0000000100000000)
  region size 1024K, 1 young (1024K), 1 survivors (1024K)
 Metaspace       used 110812K, capacity 113386K, committed 113968K, reserved 1148928K
  class space    used 13813K, capacity 14769K, committed 14976K, reserved 1048576K
}
Event: 8725.249 GC heap before
{Heap before GC invocations=82 (full 0):
 garbage-first heap   total 189440K, used 168216K [0x0000000080000000, 0x0000000100000000)
  region size 1024K, 9 young (9216K), 1 survivors (1024K)
 Metaspace       used 110812K, capacity 113386K, committed 113968K, reserved 1148928K
  class space    used 13813K, capacity 14769K, committed 14976K, reserved 1048576K
}
Event: 8725.254 GC heap after
{Heap after GC invocations=83 (full 0):
 garbage-first heap   total 189440K, used 160076K [0x0000000080000000, 0x0000000100000000)
  region size 1024K, 2 young (2048K), 2 survivors (2048K)
 Metaspace       used 110812K, capacity 113386K, committed 113968K, reserved 1148928K
  class space    used 13813K, capacity 14769K, committed 14976K, reserved 1048576K
}
Event: 8725.438 GC heap before
{Heap before GC invocations=84 (full 0):
 garbage-first heap   total 189440K, used 167244K [0x0000000080000000, 0x0000000100000000)
  region size 1024K, 9 young (9216K), 2 survivors (2048K)
 Metaspace       used 110815K, capacity 113392K, committed 113968K, reserved 1148928K
  class space    used 13814K, capacity 14771K, committed 14976K, reserved 1048576K
}
Event: 8725.445 GC heap after
{Heap after GC invocations=85 (full 0):
 garbage-first heap   total 227328K, used 160409K [0x0000000080000000, 0x0000000100000000)
  region size 1024K, 2 young (2048K), 2 survivors (2048K)
 Metaspace       used 110815K, capacity 113392K, committed 113968K, reserved 1148928K
  class space    used 13814K, capacity 14771K, committed 14976K, reserved 1048576K
}

Deoptimization events (20 events):
Event: 8724.812 Thread 0x00000156a68ad800 Uncommon trap: trap_request=0xffffffbe fr.pc=0x000001568f67d8f0 relative=0x0000000000000330
Event: 8724.813 Thread 0x00000156a68ad800 Uncommon trap: reason=profile_predicate action=maybe_recompile pc=0x000001568f67d8f0 method=java.util.regex.Pattern$Slice.match(Ljava/util/regex/Matcher;ILjava/lang/CharSequence;)Z @ 18 c2
Event: 8724.813 Thread 0x00000156a68ad800 DEOPT PACKING pc=0x000001568f67d8f0 sp=0x00000032079f7e50
Event: 8724.813 Thread 0x00000156a68ad800 DEOPT UNPACKING pc=0x000001568733a1af sp=0x00000032079f7dd0 mode 2
Event: 8724.814 Thread 0x00000156a68ad800 Uncommon trap: trap_request=0xffffffbe fr.pc=0x000001568f67d8f0 relative=0x0000000000000330
Event: 8724.814 Thread 0x00000156a68ad800 Uncommon trap: reason=profile_predicate action=maybe_recompile pc=0x000001568f67d8f0 method=java.util.regex.Pattern$Slice.match(Ljava/util/regex/Matcher;ILjava/lang/CharSequence;)Z @ 18 c2
Event: 8724.814 Thread 0x00000156a68ad800 DEOPT PACKING pc=0x000001568f67d8f0 sp=0x00000032079f7e50
Event: 8724.814 Thread 0x00000156a68ad800 DEOPT UNPACKING pc=0x000001568733a1af sp=0x00000032079f7dd0 mode 2
Event: 8724.814 Thread 0x00000156a68ad800 Uncommon trap: trap_request=0xffffffbe fr.pc=0x000001568f67d8f0 relative=0x0000000000000330
Event: 8724.814 Thread 0x00000156a68ad800 Uncommon trap: reason=profile_predicate action=maybe_recompile pc=0x000001568f67d8f0 method=java.util.regex.Pattern$Slice.match(Ljava/util/regex/Matcher;ILjava/lang/CharSequence;)Z @ 18 c2
Event: 8724.814 Thread 0x00000156a68ad800 DEOPT PACKING pc=0x000001568f67d8f0 sp=0x00000032079f7e50
Event: 8724.814 Thread 0x00000156a68ad800 DEOPT UNPACKING pc=0x000001568733a1af sp=0x00000032079f7dd0 mode 2
Event: 8724.814 Thread 0x00000156a68ad800 Uncommon trap: trap_request=0xffffffbe fr.pc=0x000001568f67d8f0 relative=0x0000000000000330
Event: 8724.814 Thread 0x00000156a68ad800 Uncommon trap: reason=profile_predicate action=maybe_recompile pc=0x000001568f67d8f0 method=java.util.regex.Pattern$Slice.match(Ljava/util/regex/Matcher;ILjava/lang/CharSequence;)Z @ 18 c2
Event: 8724.814 Thread 0x00000156a68ad800 DEOPT PACKING pc=0x000001568f67d8f0 sp=0x00000032079f7e50
Event: 8724.814 Thread 0x00000156a68ad800 DEOPT UNPACKING pc=0x000001568733a1af sp=0x00000032079f7dd0 mode 2
Event: 8725.334 Thread 0x00000156a68ad800 Uncommon trap: trap_request=0xfffffff4 fr.pc=0x000001568f219eec relative=0x000000000000272c
Event: 8725.334 Thread 0x00000156a68ad800 Uncommon trap: reason=null_check action=make_not_entrant pc=0x000001568f219eec method=java.lang.PublicMethods$MethodList.getMostSpecific()Ljava/lang/reflect/Method; @ 41 c2
Event: 8725.334 Thread 0x00000156a68ad800 DEOPT PACKING pc=0x000001568f219eec sp=0x00000032079f30d0
Event: 8725.335 Thread 0x00000156a68ad800 DEOPT UNPACKING pc=0x000001568733a1af sp=0x00000032079f2fd0 mode 2

Classes redefined (0 events):
No events

Internal exceptions (20 events):
Event: 8722.406 Thread 0x00000156a68ad800 Exception <a 'java/lang/ClassNotFoundException'{0x000000008b2aec70}: org/jetbrains/plugins/gradle/tooling/tasks/DependenciesReport$ReportGeneratorCustomizer> (0x000000008b2aec70) thrown at [src/hotspot/share/classfile/systemDictionary.cpp, line 230]
Event: 8722.415 Thread 0x00000156a68ad800 Exception <a 'java/lang/ClassNotFoundException'{0x000000008b2eb5b8}: org/jetbrains/plugins/gradle/tooling/builder/DependencyGraphModelBuilderImplBeanInfo> (0x000000008b2eb5b8) thrown at [src/hotspot/share/classfile/systemDictionary.cpp, line 230]
Event: 8722.416 Thread 0x00000156a68ad800 Exception <a 'java/lang/ClassNotFoundException'{0x000000008b2f8140}: org/jetbrains/plugins/gradle/tooling/builder/DependencyGraphModelBuilderImplCustomizer> (0x000000008b2f8140) thrown at [src/hotspot/share/classfile/systemDictionary.cpp, line 230]
Event: 8722.425 Thread 0x00000156a68ad800 Exception <a 'java/lang/ClassNotFoundException'{0x000000008b047470}: org/jetbrains/plugins/gradle/tooling/builder/ExternalTestsModelBuilderImplBeanInfo> (0x000000008b047470) thrown at [src/hotspot/share/classfile/systemDictionary.cpp, line 230]
Event: 8722.426 Thread 0x00000156a68ad800 Exception <a 'java/lang/ClassNotFoundException'{0x000000008b054230}: org/jetbrains/plugins/gradle/tooling/builder/ExternalTestsModelBuilderImplCustomizer> (0x000000008b054230) thrown at [src/hotspot/share/classfile/systemDictionary.cpp, line 230]
Event: 8722.490 Thread 0x00000156a68ad800 Exception <a 'java/lang/ClassNotFoundException'{0x000000008af074b0}: org/jetbrains/plugins/gradle/tooling/builder/ProjectExtensionsDataBuilderImplBeanInfo> (0x000000008af074b0) thrown at [src/hotspot/share/classfile/systemDictionary.cpp, line 230]
Event: 8722.491 Thread 0x00000156a68ad800 Exception <a 'java/lang/ClassNotFoundException'{0x000000008b80bf30}: org/jetbrains/plugins/gradle/tooling/builder/ProjectExtensionsDataBuilderImplCustomizer> (0x000000008b80bf30) thrown at [src/hotspot/share/classfile/systemDictionary.cpp, line 230]
Event: 8722.495 Thread 0x00000156a68ad800 Exception <a 'java/lang/ClassNotFoundException'{0x000000008b843f30}: org/jetbrains/plugins/gradle/tooling/builder/IntelliJSettingsBuilderBeanInfo> (0x000000008b843f30) thrown at [src/hotspot/share/classfile/systemDictionary.cpp, line 230]
Event: 8722.495 Thread 0x00000156a68ad800 Exception <a 'java/lang/ClassNotFoundException'{0x000000008b8508b8}: org/jetbrains/plugins/gradle/tooling/builder/IntelliJSettingsBuilderCustomizer> (0x000000008b8508b8) thrown at [src/hotspot/share/classfile/systemDictionary.cpp, line 230]
Event: 8722.499 Thread 0x00000156a68ad800 Exception <a 'java/lang/ClassNotFoundException'{0x000000008b888c50}: org/jetbrains/plugins/gradle/tooling/builder/IntelliJProjectSettingsBuilderBeanInfo> (0x000000008b888c50) thrown at [src/hotspot/share/classfile/systemDictionary.cpp, line 230]
Event: 8722.499 Thread 0x00000156a68ad800 Exception <a 'java/lang/ClassNotFoundException'{0x000000008b896480}: org/jetbrains/plugins/gradle/tooling/builder/IntelliJProjectSettingsBuilderCustomizer> (0x000000008b896480) thrown at [src/hotspot/share/classfile/systemDictionary.cpp, line 230]
Event: 8722.992 Thread 0x00000156a68ad800 Exception <a 'java/lang/ClassNotFoundException'{0x000000008b4792a0}: org/jetbrains/plugins/gradle/model/web/WebConfigurationBeanInfo> (0x000000008b4792a0) thrown at [src/hotspot/share/classfile/systemDictionary.cpp, line 230]
Event: 8722.992 Thread 0x00000156a68ad800 Exception <a 'java/lang/ClassNotFoundException'{0x000000008b489e08}: org/jetbrains/plugins/gradle/model/web/WebConfigurationCustomizer> (0x000000008b489e08) thrown at [src/hotspot/share/classfile/systemDictionary.cpp, line 230]
Event: 8722.996 Thread 0x00000156a68ad800 Exception <a 'java/lang/ClassNotFoundException'{0x000000008b4bc740}: org/jetbrains/plugins/gradle/model/scala/ScalaModelBeanInfo> (0x000000008b4bc740) thrown at [src/hotspot/share/classfile/systemDictionary.cpp, line 230]
Event: 8722.996 Thread 0x00000156a68ad800 Exception <a 'java/lang/ClassNotFoundException'{0x000000008b4cd0d8}: org/jetbrains/plugins/gradle/model/scala/ScalaModelCustomizer> (0x000000008b4cd0d8) thrown at [src/hotspot/share/classfile/systemDictionary.cpp, line 230]
Event: 8723.335 Thread 0x00000156a68ad800 Exception <a 'java/lang/NoSuchMethodError'{0x000000008b685af8}: 'java.lang.Object java.lang.invoke.DelegatingMethodHandle$Holder.reinvoke_L(java.lang.Object, java.lang.Object, java.lang.Object, java.lang.Object, java.lang.Object, java.lang.Object, java.lang.Object, java.lang.Object, java.lang.Object, java.lang.Object, java.lang.Object, java.lang.Object, java.lang.Object, java.lang.Object, java.lang.Object, java.lang.Object, java.lang.Object, java.lang.Object, java.lang.Object, java.lang.Object, java.lang.O
Event: 8723.363 Thread 0x00000156a68ad800 Exception <a 'java/lang/NoSuchMethodError'{0x000000008b6e92d0}: 'java.lang.Object java.lang.invoke.DelegatingMethodHandle$Holder.reinvoke_L(java.lang.Object, java.lang.Object, java.lang.Object, java.lang.Object, java.lang.Object, java.lang.Object, java.lang.Object, java.lang.Object, java.lang.Object, java.lang.Object, java.lang.Object, java.lang.Object, java.lang.Object, java.lang.Object, java.lang.Object, java.lang.Object, java.lang.Object, java.lang.Object, java.lang.Object, java.lang.Object)'> (0x000000
Event: 8723.449 Thread 0x00000156a68ad800 Implicit null exception at 0x000001568f57f5c2 to 0x000001568f585a68
Event: 8724.649 Thread 0x00000156a68ad800 Exception <a 'sun/nio/fs/WindowsException'{0x000000008b409760}> (0x000000008b409760) thrown at [src/hotspot/share/prims/jni.cpp, line 617]
Event: 8725.028 Thread 0x00000156a68ad800 Exception <a 'java/lang/ClassNotFoundException'{0x000000008b79a918}: groovy/runtime/metaclass/[Lcom/google/gms/googleservices/GoogleServicesPlugin$PluginType;MetaClass> (0x000000008b79a918) thrown at [src/hotspot/share/prims/jni.cpp, line 638]

Events (20 events):
Event: 8725.324 loading class groovy/runtime/metaclass/build_5n6rhwcaoaa7lq9g3ofrgn82g$_run_closure1MetaClass
Event: 8725.324 loading class groovy/runtime/metaclass/build_5n6rhwcaoaa7lq9g3ofrgn82g$_run_closure1MetaClass done
Event: 8725.326 loading class groovy/runtime/metaclass/build_5n6rhwcaoaa7lq9g3ofrgn82g$_run_closure1$_closure3MetaClass
Event: 8725.326 loading class groovy/runtime/metaclass/build_5n6rhwcaoaa7lq9g3ofrgn82g$_run_closure1$_closure3MetaClass done
Event: 8725.327 loading class groovy/runtime/metaclass/com/android/build/gradle/internal/dsl/DefaultConfig$AgpDecorated_DecoratedMetaClass
Event: 8725.327 loading class groovy/runtime/metaclass/com/android/build/gradle/internal/dsl/DefaultConfig$AgpDecorated_DecoratedMetaClass done
Event: 8725.346 Executing VM operation: CGC_Operation
Event: 8725.346 Executing VM operation: CGC_Operation done
Event: 8725.438 Executing VM operation: G1CollectForAllocation
Event: 8725.445 Executing VM operation: G1CollectForAllocation done
Event: 8725.669 loading class groovy/runtime/metaclass/build_5n6rhwcaoaa7lq9g3ofrgn82g$_run_closure1$_closure4MetaClass
Event: 8725.669 loading class groovy/runtime/metaclass/build_5n6rhwcaoaa7lq9g3ofrgn82g$_run_closure1$_closure4MetaClass done
Event: 8725.670 loading class groovy/runtime/metaclass/org/gradle/api/internal/NamedDomainObjectContainerConfigureDelegateMetaClass
Event: 8725.670 loading class groovy/runtime/metaclass/org/gradle/api/internal/NamedDomainObjectContainerConfigureDelegateMetaClass done
Event: 8725.672 loading class groovy/runtime/metaclass/build_5n6rhwcaoaa7lq9g3ofrgn82g$_run_closure1$_closure4$_closure8MetaClass
Event: 8725.672 loading class groovy/runtime/metaclass/build_5n6rhwcaoaa7lq9g3ofrgn82g$_run_closure1$_closure4$_closure8MetaClass done
Event: 8725.675 loading class groovy/runtime/metaclass/org/gradle/api/internal/FactoryNamedDomainObjectContainer_DecoratedMetaClass
Event: 8725.675 loading class groovy/runtime/metaclass/org/gradle/api/internal/FactoryNamedDomainObjectContainer_DecoratedMetaClass done
Event: 8725.696 loading class groovy/runtime/metaclass/com/android/build/gradle/internal/dsl/BuildType$AgpDecorated_DecoratedMetaClass
Event: 8725.696 loading class groovy/runtime/metaclass/com/android/build/gradle/internal/dsl/BuildType$AgpDecorated_DecoratedMetaClass done


Dynamic libraries:
0x00007ff6e3ee0000 - 0x00007ff6e3eea000 	C:\Program Files\Android\Android Studio\jbr\bin\java.exe
0x00007ff92ec20000 - 0x00007ff92ee29000 	C:\Windows\SYSTEM32\ntdll.dll
0x00007ff92dbf0000 - 0x00007ff92dcae000 	C:\Windows\System32\KERNEL32.DLL
0x00007ff92c4a0000 - 0x00007ff92c824000 	C:\Windows\System32\KERNELBASE.dll
0x00007ff92c350000 - 0x00007ff92c461000 	C:\Windows\System32\ucrtbase.dll
0x00007ff8fe9f0000 - 0x00007ff8fea0b000 	C:\Program Files\Android\Android Studio\jbr\bin\VCRUNTIME140.dll
0x00007ff8fe810000 - 0x00007ff8fe827000 	C:\Program Files\Android\Android Studio\jbr\bin\jli.dll
0x00007ff92ce30000 - 0x00007ff92cfdd000 	C:\Windows\System32\USER32.dll
0x00007ff8fb070000 - 0x00007ff8fb315000 	C:\Windows\WinSxS\amd64_microsoft.windows.common-controls_6595b64144ccf1df_6.0.22000.120_none_9d947278b86cc467\COMCTL32.dll
0x00007ff92c470000 - 0x00007ff92c496000 	C:\Windows\System32\win32u.dll
0x00007ff92cb70000 - 0x00007ff92cc13000 	C:\Windows\System32\msvcrt.dll
0x00007ff92cd50000 - 0x00007ff92cd7a000 	C:\Windows\System32\GDI32.dll
0x00007ff92c960000 - 0x00007ff92ca7f000 	C:\Windows\System32\gdi32full.dll
0x00007ff92c2b0000 - 0x00007ff92c34d000 	C:\Windows\System32\msvcp_win.dll
0x00007ff92cfe0000 - 0x00007ff92d011000 	C:\Windows\System32\IMM32.DLL
0x00007ff8e4440000 - 0x00007ff8e44cd000 	C:\Program Files\Android\Android Studio\jbr\bin\msvcp140.dll
0x00007ff91ec90000 - 0x00007ff91ec9c000 	C:\Windows\SYSTEM32\VCRUNTIME140_1.dll
0x00007ff8e7c00000 - 0x00007ff8e87bc000 	C:\Program Files\Android\Android Studio\jbr\bin\server\jvm.dll
0x00007ff92ddb0000 - 0x00007ff92de5f000 	C:\Windows\System32\ADVAPI32.dll
0x00007ff92cd80000 - 0x00007ff92ce1e000 	C:\Windows\System32\sechost.dll
0x00007ff92da30000 - 0x00007ff92db51000 	C:\Windows\System32\RPCRT4.dll
0x00007ff92cb60000 - 0x00007ff92cb68000 	C:\Windows\System32\PSAPI.DLL
0x00007ff918200000 - 0x00007ff918209000 	C:\Windows\SYSTEM32\WSOCK32.dll
0x00007ff92eb50000 - 0x00007ff92ebbf000 	C:\Windows\System32\WS2_32.dll
0x00007ff926a30000 - 0x00007ff926a63000 	C:\Windows\SYSTEM32\WINMM.dll
0x00007ff926e90000 - 0x00007ff926e9a000 	C:\Windows\SYSTEM32\VERSION.dll
0x00007ff92b130000 - 0x00007ff92b148000 	C:\Windows\SYSTEM32\kernel.appcore.dll
0x00007ff91de10000 - 0x00007ff91de20000 	C:\Program Files\Android\Android Studio\jbr\bin\verify.dll
0x00007ff913b80000 - 0x00007ff913da1000 	C:\Windows\SYSTEM32\DBGHELP.DLL
0x00007ff910dd0000 - 0x00007ff910e01000 	C:\Windows\SYSTEM32\dbgcore.DLL
0x00007ff92c0c0000 - 0x00007ff92c13f000 	C:\Windows\System32\bcryptPrimitives.dll
0x00007ff8f44e0000 - 0x00007ff8f4508000 	C:\Program Files\Android\Android Studio\jbr\bin\java.dll
0x00007ff8f7110000 - 0x00007ff8f711a000 	C:\Program Files\Android\Android Studio\jbr\bin\jimage.dll
0x00007ff8f4850000 - 0x00007ff8f4868000 	C:\Program Files\Android\Android Studio\jbr\bin\zip.dll
0x00007ff92e290000 - 0x00007ff92ea55000 	C:\Windows\System32\SHELL32.dll
0x00007ff92a190000 - 0x00007ff92a9f4000 	C:\Windows\SYSTEM32\windows.storage.dll
0x00007ff92de60000 - 0x00007ff92e1d6000 	C:\Windows\System32\combase.dll
0x00007ff92a020000 - 0x00007ff92a187000 	C:\Windows\SYSTEM32\wintypes.dll
0x00007ff92ea60000 - 0x00007ff92eb4a000 	C:\Windows\System32\SHCORE.dll
0x00007ff92cc20000 - 0x00007ff92cc7d000 	C:\Windows\System32\shlwapi.dll
0x00007ff92bff0000 - 0x00007ff92c011000 	C:\Windows\SYSTEM32\profapi.dll
0x00007ff8f4730000 - 0x00007ff8f4749000 	C:\Program Files\Android\Android Studio\jbr\bin\net.dll
0x00007ff926910000 - 0x00007ff926a23000 	C:\Windows\SYSTEM32\WINHTTP.dll
0x00007ff92b5e0000 - 0x00007ff92b647000 	C:\Windows\system32\mswsock.dll
0x00007ff8f4230000 - 0x00007ff8f4243000 	C:\Program Files\Android\Android Studio\jbr\bin\nio.dll
0x00007ff8fea10000 - 0x00007ff8fea37000 	C:\Users\user\.gradle\native\e1d6ef7f7dcc3fd88c89a11ec53ec762bb8ba0a96d01ffa2cd45eb1d1d8dd5c5\windows-amd64\native-platform.dll
0x00007ff8e42f0000 - 0x00007ff8e4434000 	C:\Users\user\.gradle\native\0d407fdbe67a94daf76414ababcb853783967236a71b16ec16e742cd7a986fd3\windows-amd64\native-platform-file-events.dll
0x00007ff8f4ee0000 - 0x00007ff8f4eea000 	C:\Program Files\Android\Android Studio\jbr\bin\management.dll
0x00007ff8f4a40000 - 0x00007ff8f4a4b000 	C:\Program Files\Android\Android Studio\jbr\bin\management_ext.dll
0x00007ff92b830000 - 0x00007ff92b848000 	C:\Windows\SYSTEM32\CRYPTSP.dll
0x00007ff92b090000 - 0x00007ff92b0c5000 	C:\Windows\system32\rsaenh.dll
0x00007ff92b6e0000 - 0x00007ff92b709000 	C:\Windows\SYSTEM32\USERENV.dll
0x00007ff92b9b0000 - 0x00007ff92b9d7000 	C:\Windows\SYSTEM32\bcrypt.dll
0x00007ff92b850000 - 0x00007ff92b85c000 	C:\Windows\SYSTEM32\CRYPTBASE.dll
0x00007ff92ac50000 - 0x00007ff92ac7d000 	C:\Windows\SYSTEM32\IPHLPAPI.DLL
0x00007ff92d500000 - 0x00007ff92d509000 	C:\Windows\System32\NSI.dll
0x00007ff9262e0000 - 0x00007ff9262f9000 	C:\Windows\SYSTEM32\dhcpcsvc6.DLL
0x00007ff927600000 - 0x00007ff92761e000 	C:\Windows\SYSTEM32\dhcpcsvc.DLL
0x00007ff92ac80000 - 0x00007ff92ad67000 	C:\Windows\SYSTEM32\DNSAPI.dll
0x00007ff8fac90000 - 0x00007ff8facb7000 	C:\Program Files\Android\Android Studio\jbr\bin\sunec.dll
0x00007ff91de00000 - 0x00007ff91de0a000 	C:\Windows\System32\rasadhlp.dll
0x00007ff924640000 - 0x00007ff9246c2000 	C:\Windows\System32\fwpuclnt.dll

dbghelp: loaded successfully - version: 4.0.5 - missing functions: none
symbol engine: initialized successfully - sym options: 0x614 - pdb path: .;C:\Program Files\Android\Android Studio\jbr\bin;C:\Windows\SYSTEM32;C:\Windows\WinSxS\amd64_microsoft.windows.common-controls_6595b64144ccf1df_6.0.22000.120_none_9d947278b86cc467;C:\Program Files\Android\Android Studio\jbr\bin\server;C:\Users\user\.gradle\native\e1d6ef7f7dcc3fd88c89a11ec53ec762bb8ba0a96d01ffa2cd45eb1d1d8dd5c5\windows-amd64;C:\Users\user\.gradle\native\0d407fdbe67a94daf76414ababcb853783967236a71b16ec16e742cd7a986fd3\windows-amd64

VM Arguments:
jvm_args: --add-opens=java.base/java.util=ALL-UNNAMED --add-opens=java.base/java.lang=ALL-UNNAMED --add-opens=java.base/java.lang.invoke=ALL-UNNAMED --add-opens=java.base/java.util=ALL-UNNAMED --add-opens=java.prefs/java.util.prefs=ALL-UNNAMED --add-opens=java.prefs/java.util.prefs=ALL-UNNAMED --add-opens=java.base/java.nio.charset=ALL-UNNAMED --add-opens=java.base/java.net=ALL-UNNAMED --add-opens=java.base/java.util.concurrent.atomic=ALL-UNNAMED -Xmx2048m -Dfile.encoding=UTF-8 -Duser.country=JP -Duser.language=ja -Duser.variant 
java_command: org.gradle.launcher.daemon.bootstrap.GradleDaemon 7.5
java_class_path (initial): C:\Users\user\.gradle\wrapper\dists\gradle-7.5-bin\f1w0cc9nuo0eivz97x2xlu9sv\gradle-7.5\lib\gradle-launcher-7.5.jar
Launcher Type: SUN_STANDARD

[Global flags]
     intx CICompilerCount                          = 3                                         {product} {ergonomic}
     uint ConcGCThreads                            = 1                                         {product} {ergonomic}
     uint G1ConcRefinementThreads                  = 4                                         {product} {ergonomic}
   size_t G1HeapRegionSize                         = 1048576                                   {product} {ergonomic}
    uintx GCDrainStackTargetSize                   = 64                                        {product} {ergonomic}
   size_t InitialHeapSize                          = 134217728                                 {product} {ergonomic}
   size_t MarkStackSize                            = 4194304                                   {product} {ergonomic}
   size_t MaxHeapSize                              = 2147483648                                {product} {command line}
   size_t MaxNewSize                               = 1287651328                                {product} {ergonomic}
   size_t MinHeapDeltaBytes                        = 1048576                                   {product} {ergonomic}
    uintx NonNMethodCodeHeapSize                   = 5830732                                {pd product} {ergonomic}
    uintx NonProfiledCodeHeapSize                  = 122913754                              {pd product} {ergonomic}
    uintx ProfiledCodeHeapSize                     = 122913754                              {pd product} {ergonomic}
    uintx ReservedCodeCacheSize                    = 251658240                              {pd product} {ergonomic}
     bool SegmentedCodeCache                       = true                                      {product} {ergonomic}
     bool UseCompressedClassPointers               = true                                 {lp64_product} {ergonomic}
     bool UseCompressedOops                        = true                                 {lp64_product} {ergonomic}
     bool UseG1GC                                  = true                                      {product} {ergonomic}
     bool UseLargePagesIndividualAllocation        = false                                  {pd product} {ergonomic}

Logging:
Log output configuration:
 #0: stdout all=warning uptime,level,tags
 #1: stderr all=off uptime,level,tags

Environment Variables:
PATH=C:\Windows\system32;C:\Windows;C:\Windows\System32\Wbem;C:\Windows\System32\WindowsPowerShell\v1.0\;C:\Windows\System32\OpenSSH\;C:\Program Files\Git\cmd;C:\Users\user\AppData\Local\Microsoft\WindowsApps;
USERNAME=user
OS=Windows_NT
PROCESSOR_IDENTIFIER=Intel64 Family 6 Model 78 Stepping 3, GenuineIntel



---------------  S Y S T E M  ---------------

OS: Windows 11 , 64 bit Build 22000 (10.0.22000.2003)
OS uptime: 0 days 2:34 hours

CPU:total 4 (initial active 4) (2 cores per cpu, 2 threads per core) family 6 model 78 stepping 3 microcode 0xd6, cmov, cx8, fxsr, mmx, sse, sse2, sse3, ssse3, sse4.1, sse4.2, popcnt, avx, avx2, aes, clmul, erms, rtm, 3dnowpref, lzcnt, ht, tsc, tscinvbit, bmi1, bmi2, adx, fma

Memory: 4k page, system-wide physical 8069M (441M free)
TotalPageFile size 22284M (AvailPageFile size 6M)
current process WorkingSet (physical memory assigned to process): 388M, peak: 464M
current process commit charge ("private bytes"): 567M, peak: 570M

vm_info: OpenJDK 64-Bit Server VM (11.0.15+0-b2043.56-8887301) for windows-amd64 JRE (11.0.15+0-b2043.56-8887301), built on Jul 29 2022 23:19:47 by "builduser" with unknown MS VC++:1929

END.
